<?xml version="1.0" encoding="UTF-8"?>
<testsuite xmlns:xsi="http://www.w3.org/2001/XMLSchema-instance" xsi:noNamespaceSchemaLocation="https://maven.apache.org/surefire/maven-surefire-plugin/xsd/surefire-test-report-3.0.xsd" version="3.0" name="TestSuite" time="40.033" tests="3" errors="0" skipped="0" failures="0">
  <properties>
[...]
</properties>
  <testcase name="runScenario[&quot;Sign into demoblaze and buy an item&quot;, &quot;Optional[Demo feature]&quot;](1)" classname="Runners.Run" time="15.799">
    <system-out><![CDATA[11:23:52.881 [main] DEBUG io.github.bonigarcia.wdm.cache.ResolutionCache - Resolution chrome=98 in cache (valid until 12:13:35 27/02/2022 GMT)
11:23:52.884 [main] DEBUG io.github.bonigarcia.wdm.cache.ResolutionCache - Resolution chrome98=98.0.4758.102 in cache (valid until 22:21:56 27/02/2022 GMT)
11:23:52.885 [main] INFO io.github.bonigarcia.wdm.WebDriverManager - Using chromedriver 98.0.4758.102 (resolved driver for Chrome 98)
11:23:52.895 [main] DEBUG io.github.bonigarcia.wdm.WebDriverManager - Driver chromedriver 98.0.4758.102 found in cache
11:23:52.896 [main] INFO io.github.bonigarcia.wdm.WebDriverManager - Exporting webdriver.chrome.driver as /Users/oingleby/.cache/selenium/chromedriver/mac64/98.0.4758.102/chromedriver
11:23:52.953 [main] DEBUG io.netty.util.internal.logging.InternalLoggerFactory - Using SLF4J as the default logging framework
11:23:52.956 [main] DEBUG io.netty.util.ResourceLeakDetector - -Dio.netty.leakDetection.level: simple
11:23:52.956 [main] DEBUG io.netty.util.ResourceLeakDetector - -Dio.netty.leakDetection.targetRecords: 4
11:23:52.959 [main] DEBUG io.netty.util.ResourceLeakDetectorFactory - Loaded default ResourceLeakDetector: io.netty.util.ResourceLeakDetector@68f4865
11:23:52.975 [main] DEBUG io.netty.util.internal.PlatformDependent0 - -Dio.netty.noUnsafe: false
11:23:52.975 [main] DEBUG io.netty.util.internal.PlatformDependent0 - Java version: 8
11:23:52.976 [main] DEBUG io.netty.util.internal.PlatformDependent0 - sun.misc.Unsafe.theUnsafe: available
11:23:52.976 [main] DEBUG io.netty.util.internal.PlatformDependent0 - sun.misc.Unsafe.copyMemory: available
11:23:52.977 [main] DEBUG io.netty.util.internal.PlatformDependent0 - java.nio.Buffer.address: available
11:23:52.977 [main] DEBUG io.netty.util.internal.PlatformDependent0 - direct buffer constructor: available
11:23:52.978 [main] DEBUG io.netty.util.internal.PlatformDependent0 - java.nio.Bits.unaligned: available, true
11:23:52.978 [main] DEBUG io.netty.util.internal.PlatformDependent0 - jdk.internal.misc.Unsafe.allocateUninitializedArray(int): unavailable prior to Java9
11:23:52.978 [main] DEBUG io.netty.util.internal.PlatformDependent0 - java.nio.DirectByteBuffer.<init>(long, int): available
11:23:52.978 [main] DEBUG io.netty.util.internal.PlatformDependent - sun.misc.Unsafe: available
11:23:52.978 [main] DEBUG io.netty.util.internal.PlatformDependent - -Dio.netty.tmpdir: /var/folders/mh/kz6kwrn93_j2t12lpn2m70gw0000gq/T (java.io.tmpdir)
11:23:52.978 [main] DEBUG io.netty.util.internal.PlatformDependent - -Dio.netty.bitMode: 64 (sun.arch.data.model)
11:23:52.978 [main] DEBUG io.netty.util.internal.PlatformDependent - Platform: MacOS
11:23:52.979 [main] DEBUG io.netty.util.internal.PlatformDependent - -Dio.netty.maxDirectMemory: 3817865216 bytes
11:23:52.979 [main] DEBUG io.netty.util.internal.PlatformDependent - -Dio.netty.uninitializedArrayAllocationThreshold: -1
11:23:52.980 [main] DEBUG io.netty.util.internal.CleanerJava6 - java.nio.ByteBuffer.cleaner(): available
11:23:52.980 [main] DEBUG io.netty.util.internal.PlatformDependent - -Dio.netty.noPreferDirect: false
11:23:52.987 [main] DEBUG io.netty.util.internal.PlatformDependent - org.jctools-core.MpscChunkedArrayQueue: available
11:23:53.002 [main] DEBUG io.netty.util.internal.InternalThreadLocalMap - -Dio.netty.threadLocalMap.stringBuilder.initialSize: 1024
11:23:53.002 [main] DEBUG io.netty.util.internal.InternalThreadLocalMap - -Dio.netty.threadLocalMap.stringBuilder.maxSize: 4096
11:23:53.034 [main] DEBUG io.netty.handler.ssl.JdkSslContext - Default protocols (JDK): [TLSv1.2, TLSv1.1, TLSv1] 
11:23:53.034 [main] DEBUG io.netty.handler.ssl.JdkSslContext - Default cipher suites (JDK): [TLS_ECDHE_ECDSA_WITH_AES_256_GCM_SHA384, TLS_ECDHE_ECDSA_WITH_AES_128_GCM_SHA256, TLS_ECDHE_RSA_WITH_AES_128_GCM_SHA256, TLS_ECDHE_RSA_WITH_AES_256_GCM_SHA384, TLS_ECDHE_RSA_WITH_AES_128_CBC_SHA, TLS_ECDHE_RSA_WITH_AES_256_CBC_SHA, TLS_RSA_WITH_AES_128_GCM_SHA256, TLS_RSA_WITH_AES_128_CBC_SHA, TLS_RSA_WITH_AES_256_CBC_SHA, TLS_AES_128_GCM_SHA256, TLS_AES_256_GCM_SHA384]
11:23:53.091 [main] DEBUG io.netty.channel.MultithreadEventLoopGroup - -Dio.netty.eventLoopThreads: 24
11:23:53.098 [main] DEBUG io.netty.channel.nio.NioEventLoop - -Dio.netty.noKeySetOptimization: false
11:23:53.098 [main] DEBUG io.netty.channel.nio.NioEventLoop - -Dio.netty.selectorAutoRebuildThreshold: 512
11:23:53.122 [main] DEBUG io.netty.buffer.PooledByteBufAllocator - -Dio.netty.allocator.numHeapArenas: 24
11:23:53.122 [main] DEBUG io.netty.buffer.PooledByteBufAllocator - -Dio.netty.allocator.numDirectArenas: 24
11:23:53.123 [main] DEBUG io.netty.buffer.PooledByteBufAllocator - -Dio.netty.allocator.pageSize: 8192
11:23:53.123 [main] DEBUG io.netty.buffer.PooledByteBufAllocator - -Dio.netty.allocator.maxOrder: 11
11:23:53.123 [main] DEBUG io.netty.buffer.PooledByteBufAllocator - -Dio.netty.allocator.chunkSize: 16777216
11:23:53.123 [main] DEBUG io.netty.buffer.PooledByteBufAllocator - -Dio.netty.allocator.smallCacheSize: 256
11:23:53.123 [main] DEBUG io.netty.buffer.PooledByteBufAllocator - -Dio.netty.allocator.normalCacheSize: 64
11:23:53.123 [main] DEBUG io.netty.buffer.PooledByteBufAllocator - -Dio.netty.allocator.maxCachedBufferCapacity: 32768
11:23:53.123 [main] DEBUG io.netty.buffer.PooledByteBufAllocator - -Dio.netty.allocator.cacheTrimInterval: 8192
11:23:53.123 [main] DEBUG io.netty.buffer.PooledByteBufAllocator - -Dio.netty.allocator.cacheTrimIntervalMillis: 0
11:23:53.123 [main] DEBUG io.netty.buffer.PooledByteBufAllocator - -Dio.netty.allocator.useCacheForAllThreads: true
11:23:53.123 [main] DEBUG io.netty.buffer.PooledByteBufAllocator - -Dio.netty.allocator.maxCachedByteBuffersPerChunk: 1023
11:23:53.132 [main] DEBUG io.netty.buffer.ByteBufUtil - -Dio.netty.allocator.type: pooled
11:23:53.133 [main] DEBUG io.netty.buffer.ByteBufUtil - -Dio.netty.threadLocalDirectBufferSize: 0
11:23:53.133 [main] DEBUG io.netty.buffer.ByteBufUtil - -Dio.netty.maxThreadLocalCharBufferSize: 16384
11:23:53.400 [Forwarding newSession on session null to remote] DEBUG io.netty.channel.DefaultChannelId - -Dio.netty.processId: 1497 (auto-detected)
11:23:53.402 [Forwarding newSession on session null to remote] DEBUG io.netty.util.NetUtil - -Djava.net.preferIPv4Stack: false
11:23:53.402 [Forwarding newSession on session null to remote] DEBUG io.netty.util.NetUtil - -Djava.net.preferIPv6Addresses: false
11:23:53.403 [Forwarding newSession on session null to remote] DEBUG io.netty.util.NetUtilInitializations - Loopback interface: lo0 (lo0, 0:0:0:0:0:0:0:1%lo0)
11:23:53.404 [Forwarding newSession on session null to remote] DEBUG io.netty.util.NetUtil - Failed to get SOMAXCONN from sysctl and file /proc/sys/net/core/somaxconn. Default: 128
11:23:53.406 [Forwarding newSession on session null to remote] DEBUG io.netty.channel.DefaultChannelId - -Dio.netty.machineId: f0:18:98:ff:fe:2c:f7:1f (auto-detected)
11:23:53.451 [AsyncHttpClient-1-2] DEBUG io.netty.buffer.AbstractByteBuf - -Dio.netty.buffer.checkAccessible: true
11:23:53.451 [AsyncHttpClient-1-2] DEBUG io.netty.buffer.AbstractByteBuf - -Dio.netty.buffer.checkBounds: true
11:23:53.451 [AsyncHttpClient-1-2] DEBUG io.netty.util.ResourceLeakDetectorFactory - Loaded default ResourceLeakDetector: io.netty.util.ResourceLeakDetector@55a2cb7
11:23:53.462 [AsyncHttpClient-1-2] DEBUG org.asynchttpclient.netty.channel.NettyConnectListener - Using new Channel '[id: 0x46956415, L:/127.0.0.1:53191 - R:localhost/127.0.0.1:5681]' for 'POST' to '/session'
11:23:53.478 [AsyncHttpClient-1-2] DEBUG io.netty.util.Recycler - -Dio.netty.recycler.maxCapacityPerThread: 4096
11:23:53.478 [AsyncHttpClient-1-2] DEBUG io.netty.util.Recycler - -Dio.netty.recycler.maxSharedCapacityFactor: 2
11:23:53.478 [AsyncHttpClient-1-2] DEBUG io.netty.util.Recycler - -Dio.netty.recycler.linkCapacity: 16
11:23:53.478 [AsyncHttpClient-1-2] DEBUG io.netty.util.Recycler - -Dio.netty.recycler.ratio: 8
11:23:53.479 [AsyncHttpClient-1-2] DEBUG io.netty.util.Recycler - -Dio.netty.recycler.delayedQueue.ratio: 8
11:23:54.742 [AsyncHttpClient-1-2] DEBUG io.netty.handler.codec.compression.Brotli - brotli4j not in the classpath; Brotli support will be unavailable.
11:23:54.743 [AsyncHttpClient-1-2] DEBUG org.asynchttpclient.netty.handler.HttpHandler - 

Request DefaultHttpRequest(decodeResult: success, version: HTTP/1.1)
POST /session HTTP/1.1
User-Agent: selenium/4.0.0-rc-1 (java mac)
Content-Length: 365
Content-Type: application/json; charset=utf-8
host: localhost:5681
accept: */*

Response DefaultHttpResponse(decodeResult: success, version: HTTP/1.1)
HTTP/1.1 200 OK
Content-Type: application/json; charset=utf-8
cache-control: no-cache
content-length: 800

11:23:54.751 [AsyncHttpClient-1-2] DEBUG org.asynchttpclient.netty.channel.ChannelManager - Adding key: http://localhost:5681 for channel [id: 0x46956415, L:/127.0.0.1:53191 - R:localhost/127.0.0.1:5681]
11:23:54.821 [AsyncHttpClient-1-3] DEBUG org.asynchttpclient.netty.channel.NettyConnectListener - Using new Channel '[id: 0x939fdded, L:/127.0.0.1:53211 - R:localhost/127.0.0.1:53202]' for 'GET' to '/json/version'
11:23:54.823 [AsyncHttpClient-1-3] DEBUG org.asynchttpclient.netty.handler.HttpHandler - 

Request DefaultFullHttpRequest(decodeResult: success, version: HTTP/1.1, content: EmptyByteBufBE)
GET /json/version HTTP/1.1
User-Agent: selenium/4.0.0-rc-1 (java mac)
host: localhost:53202
accept: */*

Response DefaultHttpResponse(decodeResult: success, version: HTTP/1.1)
HTTP/1.1 200 OK
Content-Type: application/json; charset=UTF-8
content-length: 424

11:23:54.823 [AsyncHttpClient-1-3] DEBUG org.asynchttpclient.netty.channel.ChannelManager - Adding key: http://localhost:53202 for channel [id: 0x939fdded, L:/127.0.0.1:53211 - R:localhost/127.0.0.1:53202]
11:23:54.831 [main] DEBUG io.netty.util.internal.ThreadLocalRandom - -Dio.netty.initialSeedUniquifier: 0xede21731ca525229
11:23:54.834 [AsyncHttpClient-1-4] DEBUG org.asynchttpclient.netty.channel.NettyConnectListener - Using new Channel '[id: 0xee5b07e2, L:/127.0.0.1:53212 - R:localhost/127.0.0.1:53202]' for 'GET' to '/devtools/browser/5d6ea5c0-c8ef-4f10-b364-5f463bdc94d0'
11:23:54.836 [AsyncHttpClient-1-4] DEBUG org.asynchttpclient.netty.handler.WebSocketHandler - 

Request DefaultFullHttpRequest(decodeResult: success, version: HTTP/1.1, content: EmptyByteBufBE)
GET /devtools/browser/5d6ea5c0-c8ef-4f10-b364-5f463bdc94d0 HTTP/1.1
upgrade: websocket
connection: upgrade
sec-websocket-key: /FwmhQh22+5C5JWeD7YOZA==
sec-websocket-version: 13
origin: http://localhost:53202
host: localhost:53202
accept: */*
user-agent: AHC/2.1

Response DefaultHttpResponse(decodeResult: success, version: HTTP/1.1)
HTTP/1.1 101 WebSocket Protocol Handshake
Upgrade: WebSocket
Connection: Upgrade
Sec-WebSocket-Accept: ce9bdHhR5i7/ARTA+kyAcdVvZY4=

11:23:54.864 [Forwarding get on session a4b64e78c9ff2718acc4d221f8bf4d1a to remote] DEBUG org.asynchttpclient.netty.request.NettyRequestSender - Using pooled Channel '[id: 0x46956415, L:/127.0.0.1:53191 - R:localhost/127.0.0.1:5681]' for 'POST' to 'http://localhost:5681/session/a4b64e78c9ff2718acc4d221f8bf4d1a/url'
11:23:54.864 [Forwarding get on session a4b64e78c9ff2718acc4d221f8bf4d1a to remote] DEBUG org.asynchttpclient.netty.request.NettyRequestSender - Using open Channel [id: 0x46956415, L:/127.0.0.1:53191 - R:localhost/127.0.0.1:5681] for POST '/session/a4b64e78c9ff2718acc4d221f8bf4d1a/url'
11:23:55.192 [AsyncHttpClient-1-1] DEBUG org.asynchttpclient.netty.channel.DefaultChannelPool - Entry count for : http://localhost:53202 : 1
11:23:55.490 [AsyncHttpClient-1-2] DEBUG org.asynchttpclient.netty.handler.HttpHandler - 

Request DefaultHttpRequest(decodeResult: success, version: HTTP/1.1)
POST /session/a4b64e78c9ff2718acc4d221f8bf4d1a/url HTTP/1.1
User-Agent: selenium/4.0.0-rc-1 (java mac)
Content-Length: 66
Content-Type: application/json; charset=utf-8
host: localhost:5681
accept: */*

Response DefaultHttpResponse(decodeResult: success, version: HTTP/1.1)
HTTP/1.1 200 OK
Content-Type: application/json; charset=utf-8
cache-control: no-cache
content-length: 14

11:23:55.490 [AsyncHttpClient-1-2] DEBUG org.asynchttpclient.netty.channel.ChannelManager - Adding key: http://localhost:5681 for channel [id: 0x46956415, L:/127.0.0.1:53191 - R:localhost/127.0.0.1:5681]
11:23:55.494 [Forwarding setTimeout on session a4b64e78c9ff2718acc4d221f8bf4d1a to remote] DEBUG org.asynchttpclient.netty.request.NettyRequestSender - Using pooled Channel '[id: 0x46956415, L:/127.0.0.1:53191 - R:localhost/127.0.0.1:5681]' for 'POST' to 'http://localhost:5681/session/a4b64e78c9ff2718acc4d221f8bf4d1a/timeouts'
11:23:55.494 [Forwarding setTimeout on session a4b64e78c9ff2718acc4d221f8bf4d1a to remote] DEBUG org.asynchttpclient.netty.request.NettyRequestSender - Using open Channel [id: 0x46956415, L:/127.0.0.1:53191 - R:localhost/127.0.0.1:5681] for POST '/session/a4b64e78c9ff2718acc4d221f8bf4d1a/timeouts'
11:23:55.495 [AsyncHttpClient-1-2] DEBUG org.asynchttpclient.netty.handler.HttpHandler - 

Request DefaultHttpRequest(decodeResult: success, version: HTTP/1.1)
POST /session/a4b64e78c9ff2718acc4d221f8bf4d1a/timeouts HTTP/1.1
User-Agent: selenium/4.0.0-rc-1 (java mac)
Content-Length: 22
Content-Type: application/json; charset=utf-8
host: localhost:5681
accept: */*

Response DefaultHttpResponse(decodeResult: success, version: HTTP/1.1)
HTTP/1.1 200 OK
Content-Type: application/json; charset=utf-8
cache-control: no-cache
content-length: 14

11:23:55.496 [AsyncHttpClient-1-2] DEBUG org.asynchttpclient.netty.channel.ChannelManager - Adding key: http://localhost:5681 for channel [id: 0x46956415, L:/127.0.0.1:53191 - R:localhost/127.0.0.1:5681]
11:23:55.500 [Forwarding findElement on session a4b64e78c9ff2718acc4d221f8bf4d1a to remote] DEBUG org.asynchttpclient.netty.request.NettyRequestSender - Using pooled Channel '[id: 0x46956415, L:/127.0.0.1:53191 - R:localhost/127.0.0.1:5681]' for 'POST' to 'http://localhost:5681/session/a4b64e78c9ff2718acc4d221f8bf4d1a/element'
11:23:55.500 [Forwarding findElement on session a4b64e78c9ff2718acc4d221f8bf4d1a to remote] DEBUG org.asynchttpclient.netty.request.NettyRequestSender - Using open Channel [id: 0x46956415, L:/127.0.0.1:53191 - R:localhost/127.0.0.1:5681] for POST '/session/a4b64e78c9ff2718acc4d221f8bf4d1a/element'
11:23:55.511 [AsyncHttpClient-1-2] DEBUG org.asynchttpclient.netty.handler.HttpHandler - 

Request DefaultHttpRequest(decodeResult: success, version: HTTP/1.1)
POST /session/a4b64e78c9ff2718acc4d221f8bf4d1a/element HTTP/1.1
User-Agent: selenium/4.0.0-rc-1 (java mac)
Content-Length: 51
Content-Type: application/json; charset=utf-8
host: localhost:5681
accept: */*

Response DefaultHttpResponse(decodeResult: success, version: HTTP/1.1)
HTTP/1.1 200 OK
Content-Type: application/json; charset=utf-8
cache-control: no-cache
content-length: 88

11:23:55.511 [AsyncHttpClient-1-2] DEBUG org.asynchttpclient.netty.channel.ChannelManager - Adding key: http://localhost:5681 for channel [id: 0x46956415, L:/127.0.0.1:53191 - R:localhost/127.0.0.1:5681]
11:23:55.514 [Forwarding clickElement on session a4b64e78c9ff2718acc4d221f8bf4d1a to remote] DEBUG org.asynchttpclient.netty.request.NettyRequestSender - Using pooled Channel '[id: 0x46956415, L:/127.0.0.1:53191 - R:localhost/127.0.0.1:5681]' for 'POST' to 'http://localhost:5681/session/a4b64e78c9ff2718acc4d221f8bf4d1a/element/0dd5cf9f-0b96-411b-bac4-24b1196f258e/click'
11:23:55.514 [Forwarding clickElement on session a4b64e78c9ff2718acc4d221f8bf4d1a to remote] DEBUG org.asynchttpclient.netty.request.NettyRequestSender - Using open Channel [id: 0x46956415, L:/127.0.0.1:53191 - R:localhost/127.0.0.1:5681] for POST '/session/a4b64e78c9ff2718acc4d221f8bf4d1a/element/0dd5cf9f-0b96-411b-bac4-24b1196f258e/click'
11:23:55.548 [AsyncHttpClient-1-2] DEBUG org.asynchttpclient.netty.handler.HttpHandler - 

Request DefaultHttpRequest(decodeResult: success, version: HTTP/1.1)
POST /session/a4b64e78c9ff2718acc4d221f8bf4d1a/element/0dd5cf9f-0b96-411b-bac4-24b1196f258e/click HTTP/1.1
User-Agent: selenium/4.0.0-rc-1 (java mac)
Content-Length: 50
Content-Type: application/json; charset=utf-8
host: localhost:5681
accept: */*

Response DefaultHttpResponse(decodeResult: success, version: HTTP/1.1)
HTTP/1.1 200 OK
Content-Type: application/json; charset=utf-8
cache-control: no-cache
content-length: 14

11:23:55.548 [AsyncHttpClient-1-2] DEBUG org.asynchttpclient.netty.channel.ChannelManager - Adding key: http://localhost:5681 for channel [id: 0x46956415, L:/127.0.0.1:53191 - R:localhost/127.0.0.1:5681]
11:23:55.550 [Forwarding findElement on session a4b64e78c9ff2718acc4d221f8bf4d1a to remote] DEBUG org.asynchttpclient.netty.request.NettyRequestSender - Using pooled Channel '[id: 0x46956415, L:/127.0.0.1:53191 - R:localhost/127.0.0.1:5681]' for 'POST' to 'http://localhost:5681/session/a4b64e78c9ff2718acc4d221f8bf4d1a/element'
11:23:55.550 [Forwarding findElement on session a4b64e78c9ff2718acc4d221f8bf4d1a to remote] DEBUG org.asynchttpclient.netty.request.NettyRequestSender - Using open Channel [id: 0x46956415, L:/127.0.0.1:53191 - R:localhost/127.0.0.1:5681] for POST '/session/a4b64e78c9ff2718acc4d221f8bf4d1a/element'
11:23:55.559 [AsyncHttpClient-1-2] DEBUG org.asynchttpclient.netty.handler.HttpHandler - 

Request DefaultHttpRequest(decodeResult: success, version: HTTP/1.1)
POST /session/a4b64e78c9ff2718acc4d221f8bf4d1a/element HTTP/1.1
User-Agent: selenium/4.0.0-rc-1 (java mac)
Content-Length: 58
Content-Type: application/json; charset=utf-8
host: localhost:5681
accept: */*

Response DefaultHttpResponse(decodeResult: success, version: HTTP/1.1)
HTTP/1.1 200 OK
Content-Type: application/json; charset=utf-8
cache-control: no-cache
content-length: 88

11:23:55.559 [AsyncHttpClient-1-2] DEBUG org.asynchttpclient.netty.channel.ChannelManager - Adding key: http://localhost:5681 for channel [id: 0x46956415, L:/127.0.0.1:53191 - R:localhost/127.0.0.1:5681]
11:23:55.563 [Forwarding sendKeysToElement on session a4b64e78c9ff2718acc4d221f8bf4d1a to remote] DEBUG org.asynchttpclient.netty.request.NettyRequestSender - Using pooled Channel '[id: 0x46956415, L:/127.0.0.1:53191 - R:localhost/127.0.0.1:5681]' for 'POST' to 'http://localhost:5681/session/a4b64e78c9ff2718acc4d221f8bf4d1a/element/dfa53144-6061-4bd8-84a7-910438065216/value'
11:23:55.563 [Forwarding sendKeysToElement on session a4b64e78c9ff2718acc4d221f8bf4d1a to remote] DEBUG org.asynchttpclient.netty.request.NettyRequestSender - Using open Channel [id: 0x46956415, L:/127.0.0.1:53191 - R:localhost/127.0.0.1:5681] for POST '/session/a4b64e78c9ff2718acc4d221f8bf4d1a/element/dfa53144-6061-4bd8-84a7-910438065216/value'
11:23:55.881 [AsyncHttpClient-1-2] DEBUG org.asynchttpclient.netty.handler.HttpHandler - 

Request DefaultHttpRequest(decodeResult: success, version: HTTP/1.1)
POST /session/a4b64e78c9ff2718acc4d221f8bf4d1a/element/dfa53144-6061-4bd8-84a7-910438065216/value HTTP/1.1
User-Agent: selenium/4.0.0-rc-1 (java mac)
Content-Length: 191
Content-Type: application/json; charset=utf-8
host: localhost:5681
accept: */*

Response DefaultHttpResponse(decodeResult: success, version: HTTP/1.1)
HTTP/1.1 200 OK
Content-Type: application/json; charset=utf-8
cache-control: no-cache
content-length: 14

11:23:55.882 [AsyncHttpClient-1-2] DEBUG org.asynchttpclient.netty.channel.ChannelManager - Adding key: http://localhost:5681 for channel [id: 0x46956415, L:/127.0.0.1:53191 - R:localhost/127.0.0.1:5681]
11:23:56.290 [AsyncHttpClient-1-1] DEBUG org.asynchttpclient.netty.channel.DefaultChannelPool - Entry count for : http://localhost:53202 : 1
11:23:56.291 [AsyncHttpClient-1-1] DEBUG org.asynchttpclient.netty.channel.DefaultChannelPool - Entry count for : http://localhost:5681 : 1
11:23:56.384 [Forwarding findElement on session a4b64e78c9ff2718acc4d221f8bf4d1a to remote] DEBUG org.asynchttpclient.netty.request.NettyRequestSender - Using pooled Channel '[id: 0x46956415, L:/127.0.0.1:53191 - R:localhost/127.0.0.1:5681]' for 'POST' to 'http://localhost:5681/session/a4b64e78c9ff2718acc4d221f8bf4d1a/element'
11:23:56.384 [Forwarding findElement on session a4b64e78c9ff2718acc4d221f8bf4d1a to remote] DEBUG org.asynchttpclient.netty.request.NettyRequestSender - Using open Channel [id: 0x46956415, L:/127.0.0.1:53191 - R:localhost/127.0.0.1:5681] for POST '/session/a4b64e78c9ff2718acc4d221f8bf4d1a/element'
11:23:56.393 [AsyncHttpClient-1-2] DEBUG org.asynchttpclient.netty.handler.HttpHandler - 

Request DefaultHttpRequest(decodeResult: success, version: HTTP/1.1)
POST /session/a4b64e78c9ff2718acc4d221f8bf4d1a/element HTTP/1.1
User-Agent: selenium/4.0.0-rc-1 (java mac)
Content-Length: 58
Content-Type: application/json; charset=utf-8
host: localhost:5681
accept: */*

Response DefaultHttpResponse(decodeResult: success, version: HTTP/1.1)
HTTP/1.1 200 OK
Content-Type: application/json; charset=utf-8
cache-control: no-cache
content-length: 88

11:23:56.393 [AsyncHttpClient-1-2] DEBUG org.asynchttpclient.netty.channel.ChannelManager - Adding key: http://localhost:5681 for channel [id: 0x46956415, L:/127.0.0.1:53191 - R:localhost/127.0.0.1:5681]
11:23:56.395 [Forwarding sendKeysToElement on session a4b64e78c9ff2718acc4d221f8bf4d1a to remote] DEBUG org.asynchttpclient.netty.request.NettyRequestSender - Using pooled Channel '[id: 0x46956415, L:/127.0.0.1:53191 - R:localhost/127.0.0.1:5681]' for 'POST' to 'http://localhost:5681/session/a4b64e78c9ff2718acc4d221f8bf4d1a/element/7d417055-7b13-4e43-a2be-e7c33d050b74/value'
11:23:56.395 [Forwarding sendKeysToElement on session a4b64e78c9ff2718acc4d221f8bf4d1a to remote] DEBUG org.asynchttpclient.netty.request.NettyRequestSender - Using open Channel [id: 0x46956415, L:/127.0.0.1:53191 - R:localhost/127.0.0.1:5681] for POST '/session/a4b64e78c9ff2718acc4d221f8bf4d1a/element/7d417055-7b13-4e43-a2be-e7c33d050b74/value'
11:23:56.444 [AsyncHttpClient-1-2] DEBUG org.asynchttpclient.netty.handler.HttpHandler - 

Request DefaultHttpRequest(decodeResult: success, version: HTTP/1.1)
POST /session/a4b64e78c9ff2718acc4d221f8bf4d1a/element/7d417055-7b13-4e43-a2be-e7c33d050b74/value HTTP/1.1
User-Agent: selenium/4.0.0-rc-1 (java mac)
Content-Length: 191
Content-Type: application/json; charset=utf-8
host: localhost:5681
accept: */*

Response DefaultHttpResponse(decodeResult: success, version: HTTP/1.1)
HTTP/1.1 200 OK
Content-Type: application/json; charset=utf-8
cache-control: no-cache
content-length: 14

11:23:56.445 [AsyncHttpClient-1-2] DEBUG org.asynchttpclient.netty.channel.ChannelManager - Adding key: http://localhost:5681 for channel [id: 0x46956415, L:/127.0.0.1:53191 - R:localhost/127.0.0.1:5681]
11:23:56.951 [Forwarding findElement on session a4b64e78c9ff2718acc4d221f8bf4d1a to remote] DEBUG org.asynchttpclient.netty.request.NettyRequestSender - Using pooled Channel '[id: 0x46956415, L:/127.0.0.1:53191 - R:localhost/127.0.0.1:5681]' for 'POST' to 'http://localhost:5681/session/a4b64e78c9ff2718acc4d221f8bf4d1a/element'
11:23:56.951 [Forwarding findElement on session a4b64e78c9ff2718acc4d221f8bf4d1a to remote] DEBUG org.asynchttpclient.netty.request.NettyRequestSender - Using open Channel [id: 0x46956415, L:/127.0.0.1:53191 - R:localhost/127.0.0.1:5681] for POST '/session/a4b64e78c9ff2718acc4d221f8bf4d1a/element'
11:23:56.960 [AsyncHttpClient-1-2] DEBUG org.asynchttpclient.netty.handler.HttpHandler - 

Request DefaultHttpRequest(decodeResult: success, version: HTTP/1.1)
POST /session/a4b64e78c9ff2718acc4d221f8bf4d1a/element HTTP/1.1
User-Agent: selenium/4.0.0-rc-1 (java mac)
Content-Length: 115
Content-Type: application/json; charset=utf-8
host: localhost:5681
accept: */*

Response DefaultHttpResponse(decodeResult: success, version: HTTP/1.1)
HTTP/1.1 200 OK
Content-Type: application/json; charset=utf-8
cache-control: no-cache
content-length: 88

11:23:56.960 [AsyncHttpClient-1-2] DEBUG org.asynchttpclient.netty.channel.ChannelManager - Adding key: http://localhost:5681 for channel [id: 0x46956415, L:/127.0.0.1:53191 - R:localhost/127.0.0.1:5681]
11:23:56.962 [Forwarding clickElement on session a4b64e78c9ff2718acc4d221f8bf4d1a to remote] DEBUG org.asynchttpclient.netty.request.NettyRequestSender - Using pooled Channel '[id: 0x46956415, L:/127.0.0.1:53191 - R:localhost/127.0.0.1:5681]' for 'POST' to 'http://localhost:5681/session/a4b64e78c9ff2718acc4d221f8bf4d1a/element/b99de142-42bf-47e8-b27c-f7bf116b345a/click'
11:23:56.962 [Forwarding clickElement on session a4b64e78c9ff2718acc4d221f8bf4d1a to remote] DEBUG org.asynchttpclient.netty.request.NettyRequestSender - Using open Channel [id: 0x46956415, L:/127.0.0.1:53191 - R:localhost/127.0.0.1:5681] for POST '/session/a4b64e78c9ff2718acc4d221f8bf4d1a/element/b99de142-42bf-47e8-b27c-f7bf116b345a/click'
11:23:57.007 [AsyncHttpClient-1-2] DEBUG org.asynchttpclient.netty.handler.HttpHandler - 

Request DefaultHttpRequest(decodeResult: success, version: HTTP/1.1)
POST /session/a4b64e78c9ff2718acc4d221f8bf4d1a/element/b99de142-42bf-47e8-b27c-f7bf116b345a/click HTTP/1.1
User-Agent: selenium/4.0.0-rc-1 (java mac)
Content-Length: 50
Content-Type: application/json; charset=utf-8
host: localhost:5681
accept: */*

Response DefaultHttpResponse(decodeResult: success, version: HTTP/1.1)
HTTP/1.1 200 OK
Content-Type: application/json; charset=utf-8
cache-control: no-cache
content-length: 14

11:23:57.008 [AsyncHttpClient-1-2] DEBUG org.asynchttpclient.netty.channel.ChannelManager - Adding key: http://localhost:5681 for channel [id: 0x46956415, L:/127.0.0.1:53191 - R:localhost/127.0.0.1:5681]
11:23:57.395 [AsyncHttpClient-1-1] DEBUG org.asynchttpclient.netty.channel.DefaultChannelPool - Entry count for : http://localhost:53202 : 1
11:23:57.395 [AsyncHttpClient-1-1] DEBUG org.asynchttpclient.netty.channel.DefaultChannelPool - Entry count for : http://localhost:5681 : 1
11:23:57.510 [Forwarding refresh on session a4b64e78c9ff2718acc4d221f8bf4d1a to remote] DEBUG org.asynchttpclient.netty.request.NettyRequestSender - Using pooled Channel '[id: 0x46956415, L:/127.0.0.1:53191 - R:localhost/127.0.0.1:5681]' for 'POST' to 'http://localhost:5681/session/a4b64e78c9ff2718acc4d221f8bf4d1a/refresh'
11:23:57.510 [Forwarding refresh on session a4b64e78c9ff2718acc4d221f8bf4d1a to remote] DEBUG org.asynchttpclient.netty.request.NettyRequestSender - Using open Channel [id: 0x46956415, L:/127.0.0.1:53191 - R:localhost/127.0.0.1:5681] for POST '/session/a4b64e78c9ff2718acc4d221f8bf4d1a/refresh'
11:23:57.540 [AsyncHttpClient-1-2] DEBUG org.asynchttpclient.netty.handler.HttpHandler - 

Request DefaultHttpRequest(decodeResult: success, version: HTTP/1.1)
POST /session/a4b64e78c9ff2718acc4d221f8bf4d1a/refresh HTTP/1.1
User-Agent: selenium/4.0.0-rc-1 (java mac)
Content-Length: 3
Content-Type: application/json; charset=utf-8
host: localhost:5681
accept: */*

Response DefaultHttpResponse(decodeResult: success, version: HTTP/1.1)
HTTP/1.1 200 OK
Content-Type: application/json; charset=utf-8
cache-control: no-cache
content-length: 14

11:23:57.541 [AsyncHttpClient-1-2] DEBUG org.asynchttpclient.netty.channel.ChannelManager - Adding key: http://localhost:5681 for channel [id: 0x46956415, L:/127.0.0.1:53191 - R:localhost/127.0.0.1:5681]
11:23:58.491 [AsyncHttpClient-1-1] DEBUG org.asynchttpclient.netty.channel.DefaultChannelPool - Entry count for : http://localhost:53202 : 1
11:23:58.491 [AsyncHttpClient-1-1] DEBUG org.asynchttpclient.netty.channel.DefaultChannelPool - Entry count for : http://localhost:5681 : 1
11:23:59.545 [Forwarding findElement on session a4b64e78c9ff2718acc4d221f8bf4d1a to remote] DEBUG org.asynchttpclient.netty.request.NettyRequestSender - Using pooled Channel '[id: 0x46956415, L:/127.0.0.1:53191 - R:localhost/127.0.0.1:5681]' for 'POST' to 'http://localhost:5681/session/a4b64e78c9ff2718acc4d221f8bf4d1a/element'
11:23:59.545 [Forwarding findElement on session a4b64e78c9ff2718acc4d221f8bf4d1a to remote] DEBUG org.asynchttpclient.netty.request.NettyRequestSender - Using open Channel [id: 0x46956415, L:/127.0.0.1:53191 - R:localhost/127.0.0.1:5681] for POST '/session/a4b64e78c9ff2718acc4d221f8bf4d1a/element'
11:23:59.556 [AsyncHttpClient-1-2] DEBUG org.asynchttpclient.netty.handler.HttpHandler - 

Request DefaultHttpRequest(decodeResult: success, version: HTTP/1.1)
POST /session/a4b64e78c9ff2718acc4d221f8bf4d1a/element HTTP/1.1
User-Agent: selenium/4.0.0-rc-1 (java mac)
Content-Length: 112
Content-Type: application/json; charset=utf-8
host: localhost:5681
accept: */*

Response DefaultHttpResponse(decodeResult: success, version: HTTP/1.1)
HTTP/1.1 200 OK
Content-Type: application/json; charset=utf-8
cache-control: no-cache
content-length: 88

11:23:59.556 [AsyncHttpClient-1-2] DEBUG org.asynchttpclient.netty.channel.ChannelManager - Adding key: http://localhost:5681 for channel [id: 0x46956415, L:/127.0.0.1:53191 - R:localhost/127.0.0.1:5681]
11:23:59.558 [Forwarding clickElement on session a4b64e78c9ff2718acc4d221f8bf4d1a to remote] DEBUG org.asynchttpclient.netty.request.NettyRequestSender - Using pooled Channel '[id: 0x46956415, L:/127.0.0.1:53191 - R:localhost/127.0.0.1:5681]' for 'POST' to 'http://localhost:5681/session/a4b64e78c9ff2718acc4d221f8bf4d1a/element/4d0f0e02-8336-4d34-94a3-ade20689e11a/click'
11:23:59.558 [Forwarding clickElement on session a4b64e78c9ff2718acc4d221f8bf4d1a to remote] DEBUG org.asynchttpclient.netty.request.NettyRequestSender - Using open Channel [id: 0x46956415, L:/127.0.0.1:53191 - R:localhost/127.0.0.1:5681] for POST '/session/a4b64e78c9ff2718acc4d221f8bf4d1a/element/4d0f0e02-8336-4d34-94a3-ade20689e11a/click'
11:23:59.594 [AsyncHttpClient-1-1] DEBUG org.asynchttpclient.netty.channel.DefaultChannelPool - Entry count for : http://localhost:53202 : 1
11:23:59.905 [AsyncHttpClient-1-2] DEBUG org.asynchttpclient.netty.handler.HttpHandler - 

Request DefaultHttpRequest(decodeResult: success, version: HTTP/1.1)
POST /session/a4b64e78c9ff2718acc4d221f8bf4d1a/element/4d0f0e02-8336-4d34-94a3-ade20689e11a/click HTTP/1.1
User-Agent: selenium/4.0.0-rc-1 (java mac)
Content-Length: 50
Content-Type: application/json; charset=utf-8
host: localhost:5681
accept: */*

Response DefaultHttpResponse(decodeResult: success, version: HTTP/1.1)
HTTP/1.1 200 OK
Content-Type: application/json; charset=utf-8
cache-control: no-cache
content-length: 14

11:23:59.905 [AsyncHttpClient-1-2] DEBUG org.asynchttpclient.netty.channel.ChannelManager - Adding key: http://localhost:5681 for channel [id: 0x46956415, L:/127.0.0.1:53191 - R:localhost/127.0.0.1:5681]
11:24:00.409 [Forwarding findElement on session a4b64e78c9ff2718acc4d221f8bf4d1a to remote] DEBUG org.asynchttpclient.netty.request.NettyRequestSender - Using pooled Channel '[id: 0x46956415, L:/127.0.0.1:53191 - R:localhost/127.0.0.1:5681]' for 'POST' to 'http://localhost:5681/session/a4b64e78c9ff2718acc4d221f8bf4d1a/element'
11:24:00.409 [Forwarding findElement on session a4b64e78c9ff2718acc4d221f8bf4d1a to remote] DEBUG org.asynchttpclient.netty.request.NettyRequestSender - Using open Channel [id: 0x46956415, L:/127.0.0.1:53191 - R:localhost/127.0.0.1:5681] for POST '/session/a4b64e78c9ff2718acc4d221f8bf4d1a/element'
11:24:00.418 [AsyncHttpClient-1-2] DEBUG org.asynchttpclient.netty.handler.HttpHandler - 

Request DefaultHttpRequest(decodeResult: success, version: HTTP/1.1)
POST /session/a4b64e78c9ff2718acc4d221f8bf4d1a/element HTTP/1.1
User-Agent: selenium/4.0.0-rc-1 (java mac)
Content-Length: 95
Content-Type: application/json; charset=utf-8
host: localhost:5681
accept: */*

Response DefaultHttpResponse(decodeResult: success, version: HTTP/1.1)
HTTP/1.1 200 OK
Content-Type: application/json; charset=utf-8
cache-control: no-cache
content-length: 88

11:24:00.418 [AsyncHttpClient-1-2] DEBUG org.asynchttpclient.netty.channel.ChannelManager - Adding key: http://localhost:5681 for channel [id: 0x46956415, L:/127.0.0.1:53191 - R:localhost/127.0.0.1:5681]
11:24:00.420 [Forwarding clickElement on session a4b64e78c9ff2718acc4d221f8bf4d1a to remote] DEBUG org.asynchttpclient.netty.request.NettyRequestSender - Using pooled Channel '[id: 0x46956415, L:/127.0.0.1:53191 - R:localhost/127.0.0.1:5681]' for 'POST' to 'http://localhost:5681/session/a4b64e78c9ff2718acc4d221f8bf4d1a/element/798bd118-edb8-4d8f-9fae-40f4ca49dd5e/click'
11:24:00.420 [Forwarding clickElement on session a4b64e78c9ff2718acc4d221f8bf4d1a to remote] DEBUG org.asynchttpclient.netty.request.NettyRequestSender - Using open Channel [id: 0x46956415, L:/127.0.0.1:53191 - R:localhost/127.0.0.1:5681] for POST '/session/a4b64e78c9ff2718acc4d221f8bf4d1a/element/798bd118-edb8-4d8f-9fae-40f4ca49dd5e/click'
11:24:00.458 [AsyncHttpClient-1-2] DEBUG org.asynchttpclient.netty.handler.HttpHandler - 

Request DefaultHttpRequest(decodeResult: success, version: HTTP/1.1)
POST /session/a4b64e78c9ff2718acc4d221f8bf4d1a/element/798bd118-edb8-4d8f-9fae-40f4ca49dd5e/click HTTP/1.1
User-Agent: selenium/4.0.0-rc-1 (java mac)
Content-Length: 50
Content-Type: application/json; charset=utf-8
host: localhost:5681
accept: */*

Response DefaultHttpResponse(decodeResult: success, version: HTTP/1.1)
HTTP/1.1 200 OK
Content-Type: application/json; charset=utf-8
cache-control: no-cache
content-length: 14

11:24:00.459 [AsyncHttpClient-1-2] DEBUG org.asynchttpclient.netty.channel.ChannelManager - Adding key: http://localhost:5681 for channel [id: 0x46956415, L:/127.0.0.1:53191 - R:localhost/127.0.0.1:5681]
11:24:00.694 [AsyncHttpClient-1-1] DEBUG org.asynchttpclient.netty.channel.DefaultChannelPool - Entry count for : http://localhost:53202 : 1
11:24:00.694 [AsyncHttpClient-1-1] DEBUG org.asynchttpclient.netty.channel.DefaultChannelPool - Entry count for : http://localhost:5681 : 1
11:24:01.461 [Forwarding getAlertText on session a4b64e78c9ff2718acc4d221f8bf4d1a to remote] DEBUG org.asynchttpclient.netty.request.NettyRequestSender - Using pooled Channel '[id: 0x46956415, L:/127.0.0.1:53191 - R:localhost/127.0.0.1:5681]' for 'GET' to 'http://localhost:5681/session/a4b64e78c9ff2718acc4d221f8bf4d1a/alert/text'
11:24:01.461 [Forwarding getAlertText on session a4b64e78c9ff2718acc4d221f8bf4d1a to remote] DEBUG org.asynchttpclient.netty.request.NettyRequestSender - Using open Channel [id: 0x46956415, L:/127.0.0.1:53191 - R:localhost/127.0.0.1:5681] for GET '/session/a4b64e78c9ff2718acc4d221f8bf4d1a/alert/text'
11:24:01.462 [AsyncHttpClient-1-2] DEBUG org.asynchttpclient.netty.handler.HttpHandler - 

Request DefaultFullHttpRequest(decodeResult: success, version: HTTP/1.1, content: EmptyByteBufBE)
GET /session/a4b64e78c9ff2718acc4d221f8bf4d1a/alert/text HTTP/1.1
User-Agent: selenium/4.0.0-rc-1 (java mac)
Cache-Control: no-cache
Content-Type: application/json; charset=utf-8
host: localhost:5681
accept: */*

Response DefaultHttpResponse(decodeResult: success, version: HTTP/1.1)
HTTP/1.1 200 OK
Content-Type: application/json; charset=utf-8
cache-control: no-cache
content-length: 26

11:24:01.462 [AsyncHttpClient-1-2] DEBUG org.asynchttpclient.netty.channel.ChannelManager - Adding key: http://localhost:5681 for channel [id: 0x46956415, L:/127.0.0.1:53191 - R:localhost/127.0.0.1:5681]
11:24:01.464 [Forwarding acceptAlert on session a4b64e78c9ff2718acc4d221f8bf4d1a to remote] DEBUG org.asynchttpclient.netty.request.NettyRequestSender - Using pooled Channel '[id: 0x46956415, L:/127.0.0.1:53191 - R:localhost/127.0.0.1:5681]' for 'POST' to 'http://localhost:5681/session/a4b64e78c9ff2718acc4d221f8bf4d1a/alert/accept'
11:24:01.464 [Forwarding acceptAlert on session a4b64e78c9ff2718acc4d221f8bf4d1a to remote] DEBUG org.asynchttpclient.netty.request.NettyRequestSender - Using open Channel [id: 0x46956415, L:/127.0.0.1:53191 - R:localhost/127.0.0.1:5681] for POST '/session/a4b64e78c9ff2718acc4d221f8bf4d1a/alert/accept'
11:24:01.466 [AsyncHttpClient-1-2] DEBUG org.asynchttpclient.netty.handler.HttpHandler - 

Request DefaultHttpRequest(decodeResult: success, version: HTTP/1.1)
POST /session/a4b64e78c9ff2718acc4d221f8bf4d1a/alert/accept HTTP/1.1
User-Agent: selenium/4.0.0-rc-1 (java mac)
Content-Length: 3
Content-Type: application/json; charset=utf-8
host: localhost:5681
accept: */*

Response DefaultHttpResponse(decodeResult: success, version: HTTP/1.1)
HTTP/1.1 200 OK
Content-Type: application/json; charset=utf-8
cache-control: no-cache
content-length: 14

11:24:01.466 [AsyncHttpClient-1-2] DEBUG org.asynchttpclient.netty.channel.ChannelManager - Adding key: http://localhost:5681 for channel [id: 0x46956415, L:/127.0.0.1:53191 - R:localhost/127.0.0.1:5681]
11:24:01.794 [AsyncHttpClient-1-1] DEBUG org.asynchttpclient.netty.channel.DefaultChannelPool - Entry count for : http://localhost:53202 : 1
11:24:01.794 [AsyncHttpClient-1-1] DEBUG org.asynchttpclient.netty.channel.DefaultChannelPool - Entry count for : http://localhost:5681 : 1
11:24:01.968 [Forwarding findElement on session a4b64e78c9ff2718acc4d221f8bf4d1a to remote] DEBUG org.asynchttpclient.netty.request.NettyRequestSender - Using pooled Channel '[id: 0x46956415, L:/127.0.0.1:53191 - R:localhost/127.0.0.1:5681]' for 'POST' to 'http://localhost:5681/session/a4b64e78c9ff2718acc4d221f8bf4d1a/element'
11:24:01.968 [Forwarding findElement on session a4b64e78c9ff2718acc4d221f8bf4d1a to remote] DEBUG org.asynchttpclient.netty.request.NettyRequestSender - Using open Channel [id: 0x46956415, L:/127.0.0.1:53191 - R:localhost/127.0.0.1:5681] for POST '/session/a4b64e78c9ff2718acc4d221f8bf4d1a/element'
11:24:01.977 [AsyncHttpClient-1-2] DEBUG org.asynchttpclient.netty.handler.HttpHandler - 

Request DefaultHttpRequest(decodeResult: success, version: HTTP/1.1)
POST /session/a4b64e78c9ff2718acc4d221f8bf4d1a/element HTTP/1.1
User-Agent: selenium/4.0.0-rc-1 (java mac)
Content-Length: 66
Content-Type: application/json; charset=utf-8
host: localhost:5681
accept: */*

Response DefaultHttpResponse(decodeResult: success, version: HTTP/1.1)
HTTP/1.1 200 OK
Content-Type: application/json; charset=utf-8
cache-control: no-cache
content-length: 88

11:24:01.977 [AsyncHttpClient-1-2] DEBUG org.asynchttpclient.netty.channel.ChannelManager - Adding key: http://localhost:5681 for channel [id: 0x46956415, L:/127.0.0.1:53191 - R:localhost/127.0.0.1:5681]
11:24:01.979 [Forwarding clickElement on session a4b64e78c9ff2718acc4d221f8bf4d1a to remote] DEBUG org.asynchttpclient.netty.request.NettyRequestSender - Using pooled Channel '[id: 0x46956415, L:/127.0.0.1:53191 - R:localhost/127.0.0.1:5681]' for 'POST' to 'http://localhost:5681/session/a4b64e78c9ff2718acc4d221f8bf4d1a/element/3827a589-71dc-42cd-a930-3c04157475db/click'
11:24:01.979 [Forwarding clickElement on session a4b64e78c9ff2718acc4d221f8bf4d1a to remote] DEBUG org.asynchttpclient.netty.request.NettyRequestSender - Using open Channel [id: 0x46956415, L:/127.0.0.1:53191 - R:localhost/127.0.0.1:5681] for POST '/session/a4b64e78c9ff2718acc4d221f8bf4d1a/element/3827a589-71dc-42cd-a930-3c04157475db/click'
11:24:02.348 [AsyncHttpClient-1-2] DEBUG org.asynchttpclient.netty.handler.HttpHandler - 

Request DefaultHttpRequest(decodeResult: success, version: HTTP/1.1)
POST /session/a4b64e78c9ff2718acc4d221f8bf4d1a/element/3827a589-71dc-42cd-a930-3c04157475db/click HTTP/1.1
User-Agent: selenium/4.0.0-rc-1 (java mac)
Content-Length: 50
Content-Type: application/json; charset=utf-8
host: localhost:5681
accept: */*

Response DefaultHttpResponse(decodeResult: success, version: HTTP/1.1)
HTTP/1.1 200 OK
Content-Type: application/json; charset=utf-8
cache-control: no-cache
content-length: 14

11:24:02.348 [AsyncHttpClient-1-2] DEBUG org.asynchttpclient.netty.channel.ChannelManager - Adding key: http://localhost:5681 for channel [id: 0x46956415, L:/127.0.0.1:53191 - R:localhost/127.0.0.1:5681]
11:24:02.851 [Forwarding findElement on session a4b64e78c9ff2718acc4d221f8bf4d1a to remote] DEBUG org.asynchttpclient.netty.request.NettyRequestSender - Using pooled Channel '[id: 0x46956415, L:/127.0.0.1:53191 - R:localhost/127.0.0.1:5681]' for 'POST' to 'http://localhost:5681/session/a4b64e78c9ff2718acc4d221f8bf4d1a/element'
11:24:02.851 [Forwarding findElement on session a4b64e78c9ff2718acc4d221f8bf4d1a to remote] DEBUG org.asynchttpclient.netty.request.NettyRequestSender - Using open Channel [id: 0x46956415, L:/127.0.0.1:53191 - R:localhost/127.0.0.1:5681] for POST '/session/a4b64e78c9ff2718acc4d221f8bf4d1a/element'
11:24:02.865 [AsyncHttpClient-1-2] DEBUG org.asynchttpclient.netty.handler.HttpHandler - 

Request DefaultHttpRequest(decodeResult: success, version: HTTP/1.1)
POST /session/a4b64e78c9ff2718acc4d221f8bf4d1a/element HTTP/1.1
User-Agent: selenium/4.0.0-rc-1 (java mac)
Content-Length: 105
Content-Type: application/json; charset=utf-8
host: localhost:5681
accept: */*

Response DefaultHttpResponse(decodeResult: success, version: HTTP/1.1)
HTTP/1.1 200 OK
Content-Type: application/json; charset=utf-8
cache-control: no-cache
content-length: 88

11:24:02.865 [AsyncHttpClient-1-2] DEBUG org.asynchttpclient.netty.channel.ChannelManager - Adding key: http://localhost:5681 for channel [id: 0x46956415, L:/127.0.0.1:53191 - R:localhost/127.0.0.1:5681]
11:24:02.867 [Forwarding clickElement on session a4b64e78c9ff2718acc4d221f8bf4d1a to remote] DEBUG org.asynchttpclient.netty.request.NettyRequestSender - Using pooled Channel '[id: 0x46956415, L:/127.0.0.1:53191 - R:localhost/127.0.0.1:5681]' for 'POST' to 'http://localhost:5681/session/a4b64e78c9ff2718acc4d221f8bf4d1a/element/5a1ee67d-d99f-42ed-9a72-a4ae613611bf/click'
11:24:02.867 [Forwarding clickElement on session a4b64e78c9ff2718acc4d221f8bf4d1a to remote] DEBUG org.asynchttpclient.netty.request.NettyRequestSender - Using open Channel [id: 0x46956415, L:/127.0.0.1:53191 - R:localhost/127.0.0.1:5681] for POST '/session/a4b64e78c9ff2718acc4d221f8bf4d1a/element/5a1ee67d-d99f-42ed-9a72-a4ae613611bf/click'
11:24:02.890 [AsyncHttpClient-1-1] DEBUG org.asynchttpclient.netty.channel.DefaultChannelPool - Entry count for : http://localhost:53202 : 1
11:24:02.897 [AsyncHttpClient-1-2] DEBUG org.asynchttpclient.netty.handler.HttpHandler - 

Request DefaultHttpRequest(decodeResult: success, version: HTTP/1.1)
POST /session/a4b64e78c9ff2718acc4d221f8bf4d1a/element/5a1ee67d-d99f-42ed-9a72-a4ae613611bf/click HTTP/1.1
User-Agent: selenium/4.0.0-rc-1 (java mac)
Content-Length: 50
Content-Type: application/json; charset=utf-8
host: localhost:5681
accept: */*

Response DefaultHttpResponse(decodeResult: success, version: HTTP/1.1)
HTTP/1.1 200 OK
Content-Type: application/json; charset=utf-8
cache-control: no-cache
content-length: 14

11:24:02.898 [AsyncHttpClient-1-2] DEBUG org.asynchttpclient.netty.channel.ChannelManager - Adding key: http://localhost:5681 for channel [id: 0x46956415, L:/127.0.0.1:53191 - R:localhost/127.0.0.1:5681]
11:24:03.401 [Forwarding findElement on session a4b64e78c9ff2718acc4d221f8bf4d1a to remote] DEBUG org.asynchttpclient.netty.request.NettyRequestSender - Using pooled Channel '[id: 0x46956415, L:/127.0.0.1:53191 - R:localhost/127.0.0.1:5681]' for 'POST' to 'http://localhost:5681/session/a4b64e78c9ff2718acc4d221f8bf4d1a/element'
11:24:03.401 [Forwarding findElement on session a4b64e78c9ff2718acc4d221f8bf4d1a to remote] DEBUG org.asynchttpclient.netty.request.NettyRequestSender - Using open Channel [id: 0x46956415, L:/127.0.0.1:53191 - R:localhost/127.0.0.1:5681] for POST '/session/a4b64e78c9ff2718acc4d221f8bf4d1a/element'
11:24:03.409 [AsyncHttpClient-1-2] DEBUG org.asynchttpclient.netty.handler.HttpHandler - 

Request DefaultHttpRequest(decodeResult: success, version: HTTP/1.1)
POST /session/a4b64e78c9ff2718acc4d221f8bf4d1a/element HTTP/1.1
User-Agent: selenium/4.0.0-rc-1 (java mac)
Content-Length: 49
Content-Type: application/json; charset=utf-8
host: localhost:5681
accept: */*

Response DefaultHttpResponse(decodeResult: success, version: HTTP/1.1)
HTTP/1.1 200 OK
Content-Type: application/json; charset=utf-8
cache-control: no-cache
content-length: 88

11:24:03.409 [AsyncHttpClient-1-2] DEBUG org.asynchttpclient.netty.channel.ChannelManager - Adding key: http://localhost:5681 for channel [id: 0x46956415, L:/127.0.0.1:53191 - R:localhost/127.0.0.1:5681]
11:24:03.411 [Forwarding sendKeysToElement on session a4b64e78c9ff2718acc4d221f8bf4d1a to remote] DEBUG org.asynchttpclient.netty.request.NettyRequestSender - Using pooled Channel '[id: 0x46956415, L:/127.0.0.1:53191 - R:localhost/127.0.0.1:5681]' for 'POST' to 'http://localhost:5681/session/a4b64e78c9ff2718acc4d221f8bf4d1a/element/a49f237e-eabe-4c6a-9de1-483f9e50d213/value'
11:24:03.411 [Forwarding sendKeysToElement on session a4b64e78c9ff2718acc4d221f8bf4d1a to remote] DEBUG org.asynchttpclient.netty.request.NettyRequestSender - Using open Channel [id: 0x46956415, L:/127.0.0.1:53191 - R:localhost/127.0.0.1:5681] for POST '/session/a4b64e78c9ff2718acc4d221f8bf4d1a/element/a49f237e-eabe-4c6a-9de1-483f9e50d213/value'
11:24:03.485 [AsyncHttpClient-1-2] DEBUG org.asynchttpclient.netty.handler.HttpHandler - 

Request DefaultHttpRequest(decodeResult: success, version: HTTP/1.1)
POST /session/a4b64e78c9ff2718acc4d221f8bf4d1a/element/a49f237e-eabe-4c6a-9de1-483f9e50d213/value HTTP/1.1
User-Agent: selenium/4.0.0-rc-1 (java mac)
Content-Length: 181
Content-Type: application/json; charset=utf-8
host: localhost:5681
accept: */*

Response DefaultHttpResponse(decodeResult: success, version: HTTP/1.1)
HTTP/1.1 200 OK
Content-Type: application/json; charset=utf-8
cache-control: no-cache
content-length: 14

11:24:03.485 [AsyncHttpClient-1-2] DEBUG org.asynchttpclient.netty.channel.ChannelManager - Adding key: http://localhost:5681 for channel [id: 0x46956415, L:/127.0.0.1:53191 - R:localhost/127.0.0.1:5681]
11:24:03.987 [Forwarding findElement on session a4b64e78c9ff2718acc4d221f8bf4d1a to remote] DEBUG org.asynchttpclient.netty.request.NettyRequestSender - Using pooled Channel '[id: 0x46956415, L:/127.0.0.1:53191 - R:localhost/127.0.0.1:5681]' for 'POST' to 'http://localhost:5681/session/a4b64e78c9ff2718acc4d221f8bf4d1a/element'
11:24:03.987 [Forwarding findElement on session a4b64e78c9ff2718acc4d221f8bf4d1a to remote] DEBUG org.asynchttpclient.netty.request.NettyRequestSender - Using open Channel [id: 0x46956415, L:/127.0.0.1:53191 - R:localhost/127.0.0.1:5681] for POST '/session/a4b64e78c9ff2718acc4d221f8bf4d1a/element'
11:24:03.992 [AsyncHttpClient-1-1] DEBUG org.asynchttpclient.netty.channel.DefaultChannelPool - Entry count for : http://localhost:53202 : 1
11:24:03.995 [AsyncHttpClient-1-2] DEBUG org.asynchttpclient.netty.handler.HttpHandler - 

Request DefaultHttpRequest(decodeResult: success, version: HTTP/1.1)
POST /session/a4b64e78c9ff2718acc4d221f8bf4d1a/element HTTP/1.1
User-Agent: selenium/4.0.0-rc-1 (java mac)
Content-Length: 52
Content-Type: application/json; charset=utf-8
host: localhost:5681
accept: */*

Response DefaultHttpResponse(decodeResult: success, version: HTTP/1.1)
HTTP/1.1 200 OK
Content-Type: application/json; charset=utf-8
cache-control: no-cache
content-length: 88

11:24:03.996 [AsyncHttpClient-1-2] DEBUG org.asynchttpclient.netty.channel.ChannelManager - Adding key: http://localhost:5681 for channel [id: 0x46956415, L:/127.0.0.1:53191 - R:localhost/127.0.0.1:5681]
11:24:03.998 [Forwarding sendKeysToElement on session a4b64e78c9ff2718acc4d221f8bf4d1a to remote] DEBUG org.asynchttpclient.netty.request.NettyRequestSender - Using pooled Channel '[id: 0x46956415, L:/127.0.0.1:53191 - R:localhost/127.0.0.1:5681]' for 'POST' to 'http://localhost:5681/session/a4b64e78c9ff2718acc4d221f8bf4d1a/element/7c707981-5957-4995-bc3a-f3685da19f6a/value'
11:24:03.998 [Forwarding sendKeysToElement on session a4b64e78c9ff2718acc4d221f8bf4d1a to remote] DEBUG org.asynchttpclient.netty.request.NettyRequestSender - Using open Channel [id: 0x46956415, L:/127.0.0.1:53191 - R:localhost/127.0.0.1:5681] for POST '/session/a4b64e78c9ff2718acc4d221f8bf4d1a/element/7c707981-5957-4995-bc3a-f3685da19f6a/value'
11:24:04.036 [AsyncHttpClient-1-2] DEBUG org.asynchttpclient.netty.handler.HttpHandler - 

Request DefaultHttpRequest(decodeResult: success, version: HTTP/1.1)
POST /session/a4b64e78c9ff2718acc4d221f8bf4d1a/element/7c707981-5957-4995-bc3a-f3685da19f6a/value HTTP/1.1
User-Agent: selenium/4.0.0-rc-1 (java mac)
Content-Length: 171
Content-Type: application/json; charset=utf-8
host: localhost:5681
accept: */*

Response DefaultHttpResponse(decodeResult: success, version: HTTP/1.1)
HTTP/1.1 200 OK
Content-Type: application/json; charset=utf-8
cache-control: no-cache
content-length: 14

11:24:04.036 [AsyncHttpClient-1-2] DEBUG org.asynchttpclient.netty.channel.ChannelManager - Adding key: http://localhost:5681 for channel [id: 0x46956415, L:/127.0.0.1:53191 - R:localhost/127.0.0.1:5681]
11:24:04.538 [Forwarding findElement on session a4b64e78c9ff2718acc4d221f8bf4d1a to remote] DEBUG org.asynchttpclient.netty.request.NettyRequestSender - Using pooled Channel '[id: 0x46956415, L:/127.0.0.1:53191 - R:localhost/127.0.0.1:5681]' for 'POST' to 'http://localhost:5681/session/a4b64e78c9ff2718acc4d221f8bf4d1a/element'
11:24:04.538 [Forwarding findElement on session a4b64e78c9ff2718acc4d221f8bf4d1a to remote] DEBUG org.asynchttpclient.netty.request.NettyRequestSender - Using open Channel [id: 0x46956415, L:/127.0.0.1:53191 - R:localhost/127.0.0.1:5681] for POST '/session/a4b64e78c9ff2718acc4d221f8bf4d1a/element'
11:24:04.546 [AsyncHttpClient-1-2] DEBUG org.asynchttpclient.netty.handler.HttpHandler - 

Request DefaultHttpRequest(decodeResult: success, version: HTTP/1.1)
POST /session/a4b64e78c9ff2718acc4d221f8bf4d1a/element HTTP/1.1
User-Agent: selenium/4.0.0-rc-1 (java mac)
Content-Length: 49
Content-Type: application/json; charset=utf-8
host: localhost:5681
accept: */*

Response DefaultHttpResponse(decodeResult: success, version: HTTP/1.1)
HTTP/1.1 200 OK
Content-Type: application/json; charset=utf-8
cache-control: no-cache
content-length: 88

11:24:04.547 [AsyncHttpClient-1-2] DEBUG org.asynchttpclient.netty.channel.ChannelManager - Adding key: http://localhost:5681 for channel [id: 0x46956415, L:/127.0.0.1:53191 - R:localhost/127.0.0.1:5681]
11:24:04.548 [Forwarding sendKeysToElement on session a4b64e78c9ff2718acc4d221f8bf4d1a to remote] DEBUG org.asynchttpclient.netty.request.NettyRequestSender - Using pooled Channel '[id: 0x46956415, L:/127.0.0.1:53191 - R:localhost/127.0.0.1:5681]' for 'POST' to 'http://localhost:5681/session/a4b64e78c9ff2718acc4d221f8bf4d1a/element/b2c88a49-375e-4880-ac06-43b0086fdf14/value'
11:24:04.549 [Forwarding sendKeysToElement on session a4b64e78c9ff2718acc4d221f8bf4d1a to remote] DEBUG org.asynchttpclient.netty.request.NettyRequestSender - Using open Channel [id: 0x46956415, L:/127.0.0.1:53191 - R:localhost/127.0.0.1:5681] for POST '/session/a4b64e78c9ff2718acc4d221f8bf4d1a/element/b2c88a49-375e-4880-ac06-43b0086fdf14/value'
11:24:04.587 [AsyncHttpClient-1-2] DEBUG org.asynchttpclient.netty.handler.HttpHandler - 

Request DefaultHttpRequest(decodeResult: success, version: HTTP/1.1)
POST /session/a4b64e78c9ff2718acc4d221f8bf4d1a/element/b2c88a49-375e-4880-ac06-43b0086fdf14/value HTTP/1.1
User-Agent: selenium/4.0.0-rc-1 (java mac)
Content-Length: 151
Content-Type: application/json; charset=utf-8
host: localhost:5681
accept: */*

Response DefaultHttpResponse(decodeResult: success, version: HTTP/1.1)
HTTP/1.1 200 OK
Content-Type: application/json; charset=utf-8
cache-control: no-cache
content-length: 14

11:24:04.588 [AsyncHttpClient-1-2] DEBUG org.asynchttpclient.netty.channel.ChannelManager - Adding key: http://localhost:5681 for channel [id: 0x46956415, L:/127.0.0.1:53191 - R:localhost/127.0.0.1:5681]
11:24:05.089 [Forwarding findElement on session a4b64e78c9ff2718acc4d221f8bf4d1a to remote] DEBUG org.asynchttpclient.netty.request.NettyRequestSender - Using pooled Channel '[id: 0x46956415, L:/127.0.0.1:53191 - R:localhost/127.0.0.1:5681]' for 'POST' to 'http://localhost:5681/session/a4b64e78c9ff2718acc4d221f8bf4d1a/element'
11:24:05.089 [Forwarding findElement on session a4b64e78c9ff2718acc4d221f8bf4d1a to remote] DEBUG org.asynchttpclient.netty.request.NettyRequestSender - Using open Channel [id: 0x46956415, L:/127.0.0.1:53191 - R:localhost/127.0.0.1:5681] for POST '/session/a4b64e78c9ff2718acc4d221f8bf4d1a/element'
11:24:05.090 [AsyncHttpClient-1-1] DEBUG org.asynchttpclient.netty.channel.DefaultChannelPool - Entry count for : http://localhost:53202 : 1
11:24:05.098 [AsyncHttpClient-1-2] DEBUG org.asynchttpclient.netty.handler.HttpHandler - 

Request DefaultHttpRequest(decodeResult: success, version: HTTP/1.1)
POST /session/a4b64e78c9ff2718acc4d221f8bf4d1a/element HTTP/1.1
User-Agent: selenium/4.0.0-rc-1 (java mac)
Content-Length: 49
Content-Type: application/json; charset=utf-8
host: localhost:5681
accept: */*

Response DefaultHttpResponse(decodeResult: success, version: HTTP/1.1)
HTTP/1.1 200 OK
Content-Type: application/json; charset=utf-8
cache-control: no-cache
content-length: 88

11:24:05.098 [AsyncHttpClient-1-2] DEBUG org.asynchttpclient.netty.channel.ChannelManager - Adding key: http://localhost:5681 for channel [id: 0x46956415, L:/127.0.0.1:53191 - R:localhost/127.0.0.1:5681]
11:24:05.100 [Forwarding sendKeysToElement on session a4b64e78c9ff2718acc4d221f8bf4d1a to remote] DEBUG org.asynchttpclient.netty.request.NettyRequestSender - Using pooled Channel '[id: 0x46956415, L:/127.0.0.1:53191 - R:localhost/127.0.0.1:5681]' for 'POST' to 'http://localhost:5681/session/a4b64e78c9ff2718acc4d221f8bf4d1a/element/b60f27ae-d209-4d7f-8484-6e3756373b30/value'
11:24:05.100 [Forwarding sendKeysToElement on session a4b64e78c9ff2718acc4d221f8bf4d1a to remote] DEBUG org.asynchttpclient.netty.request.NettyRequestSender - Using open Channel [id: 0x46956415, L:/127.0.0.1:53191 - R:localhost/127.0.0.1:5681] for POST '/session/a4b64e78c9ff2718acc4d221f8bf4d1a/element/b60f27ae-d209-4d7f-8484-6e3756373b30/value'
11:24:05.149 [AsyncHttpClient-1-2] DEBUG org.asynchttpclient.netty.handler.HttpHandler - 

Request DefaultHttpRequest(decodeResult: success, version: HTTP/1.1)
POST /session/a4b64e78c9ff2718acc4d221f8bf4d1a/element/b60f27ae-d209-4d7f-8484-6e3756373b30/value HTTP/1.1
User-Agent: selenium/4.0.0-rc-1 (java mac)
Content-Length: 241
Content-Type: application/json; charset=utf-8
host: localhost:5681
accept: */*

Response DefaultHttpResponse(decodeResult: success, version: HTTP/1.1)
HTTP/1.1 200 OK
Content-Type: application/json; charset=utf-8
cache-control: no-cache
content-length: 14

11:24:05.149 [AsyncHttpClient-1-2] DEBUG org.asynchttpclient.netty.channel.ChannelManager - Adding key: http://localhost:5681 for channel [id: 0x46956415, L:/127.0.0.1:53191 - R:localhost/127.0.0.1:5681]
11:24:05.653 [Forwarding findElement on session a4b64e78c9ff2718acc4d221f8bf4d1a to remote] DEBUG org.asynchttpclient.netty.request.NettyRequestSender - Using pooled Channel '[id: 0x46956415, L:/127.0.0.1:53191 - R:localhost/127.0.0.1:5681]' for 'POST' to 'http://localhost:5681/session/a4b64e78c9ff2718acc4d221f8bf4d1a/element'
11:24:05.653 [Forwarding findElement on session a4b64e78c9ff2718acc4d221f8bf4d1a to remote] DEBUG org.asynchttpclient.netty.request.NettyRequestSender - Using open Channel [id: 0x46956415, L:/127.0.0.1:53191 - R:localhost/127.0.0.1:5681] for POST '/session/a4b64e78c9ff2718acc4d221f8bf4d1a/element'
11:24:05.661 [AsyncHttpClient-1-2] DEBUG org.asynchttpclient.netty.handler.HttpHandler - 

Request DefaultHttpRequest(decodeResult: success, version: HTTP/1.1)
POST /session/a4b64e78c9ff2718acc4d221f8bf4d1a/element HTTP/1.1
User-Agent: selenium/4.0.0-rc-1 (java mac)
Content-Length: 50
Content-Type: application/json; charset=utf-8
host: localhost:5681
accept: */*

Response DefaultHttpResponse(decodeResult: success, version: HTTP/1.1)
HTTP/1.1 200 OK
Content-Type: application/json; charset=utf-8
cache-control: no-cache
content-length: 88

11:24:05.662 [AsyncHttpClient-1-2] DEBUG org.asynchttpclient.netty.channel.ChannelManager - Adding key: http://localhost:5681 for channel [id: 0x46956415, L:/127.0.0.1:53191 - R:localhost/127.0.0.1:5681]
11:24:05.663 [Forwarding sendKeysToElement on session a4b64e78c9ff2718acc4d221f8bf4d1a to remote] DEBUG org.asynchttpclient.netty.request.NettyRequestSender - Using pooled Channel '[id: 0x46956415, L:/127.0.0.1:53191 - R:localhost/127.0.0.1:5681]' for 'POST' to 'http://localhost:5681/session/a4b64e78c9ff2718acc4d221f8bf4d1a/element/9b07a114-da56-41b8-8bbb-41ffb4d1f8ff/value'
11:24:05.663 [Forwarding sendKeysToElement on session a4b64e78c9ff2718acc4d221f8bf4d1a to remote] DEBUG org.asynchttpclient.netty.request.NettyRequestSender - Using open Channel [id: 0x46956415, L:/127.0.0.1:53191 - R:localhost/127.0.0.1:5681] for POST '/session/a4b64e78c9ff2718acc4d221f8bf4d1a/element/9b07a114-da56-41b8-8bbb-41ffb4d1f8ff/value'
11:24:05.697 [AsyncHttpClient-1-2] DEBUG org.asynchttpclient.netty.handler.HttpHandler - 

Request DefaultHttpRequest(decodeResult: success, version: HTTP/1.1)
POST /session/a4b64e78c9ff2718acc4d221f8bf4d1a/element/9b07a114-da56-41b8-8bbb-41ffb4d1f8ff/value HTTP/1.1
User-Agent: selenium/4.0.0-rc-1 (java mac)
Content-Length: 101
Content-Type: application/json; charset=utf-8
host: localhost:5681
accept: */*

Response DefaultHttpResponse(decodeResult: success, version: HTTP/1.1)
HTTP/1.1 200 OK
Content-Type: application/json; charset=utf-8
cache-control: no-cache
content-length: 14

11:24:05.697 [AsyncHttpClient-1-2] DEBUG org.asynchttpclient.netty.channel.ChannelManager - Adding key: http://localhost:5681 for channel [id: 0x46956415, L:/127.0.0.1:53191 - R:localhost/127.0.0.1:5681]
11:24:06.194 [AsyncHttpClient-1-1] DEBUG org.asynchttpclient.netty.channel.DefaultChannelPool - Entry count for : http://localhost:53202 : 1
11:24:06.195 [AsyncHttpClient-1-1] DEBUG org.asynchttpclient.netty.channel.DefaultChannelPool - Entry count for : http://localhost:5681 : 1
11:24:06.201 [Forwarding findElement on session a4b64e78c9ff2718acc4d221f8bf4d1a to remote] DEBUG org.asynchttpclient.netty.request.NettyRequestSender - Using pooled Channel '[id: 0x46956415, L:/127.0.0.1:53191 - R:localhost/127.0.0.1:5681]' for 'POST' to 'http://localhost:5681/session/a4b64e78c9ff2718acc4d221f8bf4d1a/element'
11:24:06.201 [Forwarding findElement on session a4b64e78c9ff2718acc4d221f8bf4d1a to remote] DEBUG org.asynchttpclient.netty.request.NettyRequestSender - Using open Channel [id: 0x46956415, L:/127.0.0.1:53191 - R:localhost/127.0.0.1:5681] for POST '/session/a4b64e78c9ff2718acc4d221f8bf4d1a/element'
11:24:06.210 [AsyncHttpClient-1-2] DEBUG org.asynchttpclient.netty.handler.HttpHandler - 

Request DefaultHttpRequest(decodeResult: success, version: HTTP/1.1)
POST /session/a4b64e78c9ff2718acc4d221f8bf4d1a/element HTTP/1.1
User-Agent: selenium/4.0.0-rc-1 (java mac)
Content-Length: 49
Content-Type: application/json; charset=utf-8
host: localhost:5681
accept: */*

Response DefaultHttpResponse(decodeResult: success, version: HTTP/1.1)
HTTP/1.1 200 OK
Content-Type: application/json; charset=utf-8
cache-control: no-cache
content-length: 88

11:24:06.210 [AsyncHttpClient-1-2] DEBUG org.asynchttpclient.netty.channel.ChannelManager - Adding key: http://localhost:5681 for channel [id: 0x46956415, L:/127.0.0.1:53191 - R:localhost/127.0.0.1:5681]
11:24:06.211 [Forwarding sendKeysToElement on session a4b64e78c9ff2718acc4d221f8bf4d1a to remote] DEBUG org.asynchttpclient.netty.request.NettyRequestSender - Using pooled Channel '[id: 0x46956415, L:/127.0.0.1:53191 - R:localhost/127.0.0.1:5681]' for 'POST' to 'http://localhost:5681/session/a4b64e78c9ff2718acc4d221f8bf4d1a/element/910b9d77-c18a-48bb-87b3-f7b6dbfd347c/value'
11:24:06.212 [Forwarding sendKeysToElement on session a4b64e78c9ff2718acc4d221f8bf4d1a to remote] DEBUG org.asynchttpclient.netty.request.NettyRequestSender - Using open Channel [id: 0x46956415, L:/127.0.0.1:53191 - R:localhost/127.0.0.1:5681] for POST '/session/a4b64e78c9ff2718acc4d221f8bf4d1a/element/910b9d77-c18a-48bb-87b3-f7b6dbfd347c/value'
11:24:06.245 [AsyncHttpClient-1-2] DEBUG org.asynchttpclient.netty.handler.HttpHandler - 

Request DefaultHttpRequest(decodeResult: success, version: HTTP/1.1)
POST /session/a4b64e78c9ff2718acc4d221f8bf4d1a/element/910b9d77-c18a-48bb-87b3-f7b6dbfd347c/value HTTP/1.1
User-Agent: selenium/4.0.0-rc-1 (java mac)
Content-Length: 101
Content-Type: application/json; charset=utf-8
host: localhost:5681
accept: */*

Response DefaultHttpResponse(decodeResult: success, version: HTTP/1.1)
HTTP/1.1 200 OK
Content-Type: application/json; charset=utf-8
cache-control: no-cache
content-length: 14

11:24:06.245 [AsyncHttpClient-1-2] DEBUG org.asynchttpclient.netty.channel.ChannelManager - Adding key: http://localhost:5681 for channel [id: 0x46956415, L:/127.0.0.1:53191 - R:localhost/127.0.0.1:5681]
11:24:06.751 [Forwarding findElement on session a4b64e78c9ff2718acc4d221f8bf4d1a to remote] DEBUG org.asynchttpclient.netty.request.NettyRequestSender - Using pooled Channel '[id: 0x46956415, L:/127.0.0.1:53191 - R:localhost/127.0.0.1:5681]' for 'POST' to 'http://localhost:5681/session/a4b64e78c9ff2718acc4d221f8bf4d1a/element'
11:24:06.751 [Forwarding findElement on session a4b64e78c9ff2718acc4d221f8bf4d1a to remote] DEBUG org.asynchttpclient.netty.request.NettyRequestSender - Using open Channel [id: 0x46956415, L:/127.0.0.1:53191 - R:localhost/127.0.0.1:5681] for POST '/session/a4b64e78c9ff2718acc4d221f8bf4d1a/element'
11:24:06.760 [AsyncHttpClient-1-2] DEBUG org.asynchttpclient.netty.handler.HttpHandler - 

Request DefaultHttpRequest(decodeResult: success, version: HTTP/1.1)
POST /session/a4b64e78c9ff2718acc4d221f8bf4d1a/element HTTP/1.1
User-Agent: selenium/4.0.0-rc-1 (java mac)
Content-Length: 115
Content-Type: application/json; charset=utf-8
host: localhost:5681
accept: */*

Response DefaultHttpResponse(decodeResult: success, version: HTTP/1.1)
HTTP/1.1 200 OK
Content-Type: application/json; charset=utf-8
cache-control: no-cache
content-length: 88

11:24:06.760 [AsyncHttpClient-1-2] DEBUG org.asynchttpclient.netty.channel.ChannelManager - Adding key: http://localhost:5681 for channel [id: 0x46956415, L:/127.0.0.1:53191 - R:localhost/127.0.0.1:5681]
11:24:06.761 [Forwarding clickElement on session a4b64e78c9ff2718acc4d221f8bf4d1a to remote] DEBUG org.asynchttpclient.netty.request.NettyRequestSender - Using pooled Channel '[id: 0x46956415, L:/127.0.0.1:53191 - R:localhost/127.0.0.1:5681]' for 'POST' to 'http://localhost:5681/session/a4b64e78c9ff2718acc4d221f8bf4d1a/element/a388c4cc-32db-4dd8-bab5-1aca62fd9e6e/click'
11:24:06.761 [Forwarding clickElement on session a4b64e78c9ff2718acc4d221f8bf4d1a to remote] DEBUG org.asynchttpclient.netty.request.NettyRequestSender - Using open Channel [id: 0x46956415, L:/127.0.0.1:53191 - R:localhost/127.0.0.1:5681] for POST '/session/a4b64e78c9ff2718acc4d221f8bf4d1a/element/a388c4cc-32db-4dd8-bab5-1aca62fd9e6e/click'
11:24:06.813 [AsyncHttpClient-1-2] DEBUG org.asynchttpclient.netty.handler.HttpHandler - 

Request DefaultHttpRequest(decodeResult: success, version: HTTP/1.1)
POST /session/a4b64e78c9ff2718acc4d221f8bf4d1a/element/a388c4cc-32db-4dd8-bab5-1aca62fd9e6e/click HTTP/1.1
User-Agent: selenium/4.0.0-rc-1 (java mac)
Content-Length: 50
Content-Type: application/json; charset=utf-8
host: localhost:5681
accept: */*

Response DefaultHttpResponse(decodeResult: success, version: HTTP/1.1)
HTTP/1.1 200 OK
Content-Type: application/json; charset=utf-8
cache-control: no-cache
content-length: 14

11:24:06.813 [AsyncHttpClient-1-2] DEBUG org.asynchttpclient.netty.channel.ChannelManager - Adding key: http://localhost:5681 for channel [id: 0x46956415, L:/127.0.0.1:53191 - R:localhost/127.0.0.1:5681]
11:24:07.293 [AsyncHttpClient-1-1] DEBUG org.asynchttpclient.netty.channel.DefaultChannelPool - Entry count for : http://localhost:53202 : 1
11:24:07.293 [AsyncHttpClient-1-1] DEBUG org.asynchttpclient.netty.channel.DefaultChannelPool - Entry count for : http://localhost:5681 : 1
11:24:07.316 [Forwarding findElement on session a4b64e78c9ff2718acc4d221f8bf4d1a to remote] DEBUG org.asynchttpclient.netty.request.NettyRequestSender - Using pooled Channel '[id: 0x46956415, L:/127.0.0.1:53191 - R:localhost/127.0.0.1:5681]' for 'POST' to 'http://localhost:5681/session/a4b64e78c9ff2718acc4d221f8bf4d1a/element'
11:24:07.316 [Forwarding findElement on session a4b64e78c9ff2718acc4d221f8bf4d1a to remote] DEBUG org.asynchttpclient.netty.request.NettyRequestSender - Using open Channel [id: 0x46956415, L:/127.0.0.1:53191 - R:localhost/127.0.0.1:5681] for POST '/session/a4b64e78c9ff2718acc4d221f8bf4d1a/element'
11:24:07.325 [AsyncHttpClient-1-2] DEBUG org.asynchttpclient.netty.handler.HttpHandler - 

Request DefaultHttpRequest(decodeResult: success, version: HTTP/1.1)
POST /session/a4b64e78c9ff2718acc4d221f8bf4d1a/element HTTP/1.1
User-Agent: selenium/4.0.0-rc-1 (java mac)
Content-Length: 103
Content-Type: application/json; charset=utf-8
host: localhost:5681
accept: */*

Response DefaultHttpResponse(decodeResult: success, version: HTTP/1.1)
HTTP/1.1 200 OK
Content-Type: application/json; charset=utf-8
cache-control: no-cache
content-length: 88

11:24:07.325 [AsyncHttpClient-1-2] DEBUG org.asynchttpclient.netty.channel.ChannelManager - Adding key: http://localhost:5681 for channel [id: 0x46956415, L:/127.0.0.1:53191 - R:localhost/127.0.0.1:5681]
11:24:07.327 [Forwarding clickElement on session a4b64e78c9ff2718acc4d221f8bf4d1a to remote] DEBUG org.asynchttpclient.netty.request.NettyRequestSender - Using pooled Channel '[id: 0x46956415, L:/127.0.0.1:53191 - R:localhost/127.0.0.1:5681]' for 'POST' to 'http://localhost:5681/session/a4b64e78c9ff2718acc4d221f8bf4d1a/element/fbc92145-3f47-425a-b725-bb36b4b6c475/click'
11:24:07.327 [Forwarding clickElement on session a4b64e78c9ff2718acc4d221f8bf4d1a to remote] DEBUG org.asynchttpclient.netty.request.NettyRequestSender - Using open Channel [id: 0x46956415, L:/127.0.0.1:53191 - R:localhost/127.0.0.1:5681] for POST '/session/a4b64e78c9ff2718acc4d221f8bf4d1a/element/fbc92145-3f47-425a-b725-bb36b4b6c475/click'
11:24:08.143 [AsyncHttpClient-1-2] DEBUG org.asynchttpclient.netty.handler.HttpHandler - 

Request DefaultHttpRequest(decodeResult: success, version: HTTP/1.1)
POST /session/a4b64e78c9ff2718acc4d221f8bf4d1a/element/fbc92145-3f47-425a-b725-bb36b4b6c475/click HTTP/1.1
User-Agent: selenium/4.0.0-rc-1 (java mac)
Content-Length: 50
Content-Type: application/json; charset=utf-8
host: localhost:5681
accept: */*

Response DefaultHttpResponse(decodeResult: success, version: HTTP/1.1)
HTTP/1.1 200 OK
Content-Type: application/json; charset=utf-8
cache-control: no-cache
content-length: 14

11:24:08.144 [AsyncHttpClient-1-2] DEBUG org.asynchttpclient.netty.channel.ChannelManager - Adding key: http://localhost:5681 for channel [id: 0x46956415, L:/127.0.0.1:53191 - R:localhost/127.0.0.1:5681]
11:24:08.148 [Driver Command Executor] DEBUG org.asynchttpclient.netty.request.NettyRequestSender - Using pooled Channel '[id: 0x46956415, L:/127.0.0.1:53191 - R:localhost/127.0.0.1:5681]' for 'DELETE' to 'http://localhost:5681/session/a4b64e78c9ff2718acc4d221f8bf4d1a'
11:24:08.148 [Driver Command Executor] DEBUG org.asynchttpclient.netty.request.NettyRequestSender - Using open Channel [id: 0x46956415, L:/127.0.0.1:53191 - R:localhost/127.0.0.1:5681] for DELETE '/session/a4b64e78c9ff2718acc4d221f8bf4d1a'
11:24:08.150 [AsyncHttpClient-1-4] DEBUG org.asynchttpclient.netty.handler.WebSocketHandler - Channel Closed: [id: 0xee5b07e2, L:/127.0.0.1:53212 ! R:localhost/127.0.0.1:53202] with attribute NettyResponseFuture{currentRetry=5,
	isDone=1,
	isCancelled=0,
	asyncHandler=org.asynchttpclient.ws.WebSocketUpgradeHandler@289b45db,
	nettyRequest=org.asynchttpclient.netty.request.NettyRequest@6b1adbb,
	future=java.util.concurrent.CompletableFuture@54bc4461[Completed normally],
	uri=ws://localhost:53202/devtools/browser/5d6ea5c0-c8ef-4f10-b364-5f463bdc94d0,
	keepAlive=true,
	redirectCount=0,
	timeoutsHolder=null,
	inAuth=0,
	touch=1645961034846}
11:24:08.151 [AsyncHttpClient-1-4] DEBUG org.asynchttpclient.netty.channel.ChannelManager - Closing Channel [id: 0xee5b07e2, L:/127.0.0.1:53212 ! R:localhost/127.0.0.1:53202] 
11:24:08.169 [AsyncHttpClient-1-3] DEBUG org.asynchttpclient.netty.handler.HttpHandler - Channel Closed: [id: 0x939fdded, L:/127.0.0.1:53211 ! R:localhost/127.0.0.1:53202] with attribute DISCARD
11:24:08.199 [AsyncHttpClient-1-2] DEBUG org.asynchttpclient.netty.handler.HttpHandler - 

Request DefaultFullHttpRequest(decodeResult: success, version: HTTP/1.1, content: EmptyByteBufBE)
DELETE /session/a4b64e78c9ff2718acc4d221f8bf4d1a HTTP/1.1
User-Agent: selenium/4.0.0-rc-1 (java mac)
Content-Type: application/json; charset=utf-8
host: localhost:5681
accept: */*

Response DefaultHttpResponse(decodeResult: success, version: HTTP/1.1)
HTTP/1.1 200 OK
Content-Type: application/json; charset=utf-8
cache-control: no-cache
content-length: 14

11:24:08.200 [AsyncHttpClient-1-2] DEBUG org.asynchttpclient.netty.channel.ChannelManager - Adding key: http://localhost:5681 for channel [id: 0x46956415, L:/127.0.0.1:53191 - R:localhost/127.0.0.1:5681]
11:24:08.221 [AsyncHttpClient-1-2] DEBUG org.asynchttpclient.netty.handler.HttpHandler - Channel Closed: [id: 0x46956415, L:/127.0.0.1:53191 ! R:localhost/127.0.0.1:5681] with attribute DISCARD
]]></system-out>
    <system-err><![CDATA[Starting ChromeDriver 98.0.4758.102 (273bf7ac8c909cde36982d27f66f3c70846a3718-refs/branch-heads/4758@{#1151}) on port 5681
Only local connections are allowed.
Please see https://chromedriver.chromium.org/security-considerations for suggestions on keeping ChromeDriver safe.
ChromeDriver was started successfully.
Feb 27, 2022 11:23:54 AM org.openqa.selenium.remote.ProtocolHandshake createSession
INFO: Detected dialect: W3C
Feb 27, 2022 11:23:54 AM org.openqa.selenium.devtools.CdpVersionFinder findNearestMatch
WARNING: Unable to find an exact match for CDP version 98, so returning the closest version found: a no-op implementation
Feb 27, 2022 11:23:54 AM org.openqa.selenium.devtools.CdpVersionFinder findNearestMatch
INFO: Unable to find CDP implementation matching 98.
Feb 27, 2022 11:23:54 AM org.openqa.selenium.chromium.ChromiumDriver lambda$new$2
WARNING: Unable to find version of CDP to use for . You may need to include a dependency on a specific version of the CDP using something similar to `org.seleniumhq.selenium:selenium-devtools-v86:4.0.0-rc-1` where the version ("v86") matches the version of the chromium-based browser you're using and the version number of the artifact is the same as Selenium's.
]]></system-err>
  </testcase>
  <testcase name="runScenario[&quot;Sign into demoblaze and add an item to cart and then delete it&quot;, &quot;Optional[Demo feature]&quot;](2)" classname="Runners.Run" time="13.399">
    <system-out><![CDATA[11:24:08.258 [main] DEBUG io.github.bonigarcia.wdm.cache.ResolutionCache - Resolution chrome=98 in cache (valid until 12:13:35 27/02/2022 GMT)
11:24:08.258 [main] DEBUG io.github.bonigarcia.wdm.cache.ResolutionCache - Resolution chrome98=98.0.4758.102 in cache (valid until 22:21:56 27/02/2022 GMT)
11:24:08.258 [main] INFO io.github.bonigarcia.wdm.WebDriverManager - Using chromedriver 98.0.4758.102 (resolved driver for Chrome 98)
11:24:08.261 [main] DEBUG io.github.bonigarcia.wdm.WebDriverManager - Driver chromedriver 98.0.4758.102 found in cache
11:24:08.261 [main] INFO io.github.bonigarcia.wdm.WebDriverManager - Exporting webdriver.chrome.driver as /Users/oingleby/.cache/selenium/chromedriver/mac64/98.0.4758.102/chromedriver
11:24:08.345 [AsyncHttpClient-1-5] DEBUG org.asynchttpclient.netty.channel.NettyConnectListener - Using new Channel '[id: 0xdbf2b471, L:/127.0.0.1:53249 - R:localhost/127.0.0.1:16153]' for 'POST' to '/session'
11:24:08.392 [AsyncHttpClient-1-1] DEBUG org.asynchttpclient.netty.channel.DefaultChannelPool - Entry count for : http://localhost:53202 : 1
11:24:08.392 [AsyncHttpClient-1-1] DEBUG org.asynchttpclient.netty.channel.DefaultChannelPool - Entry count for : http://localhost:5681 : 1
11:24:08.392 [AsyncHttpClient-1-1] DEBUG org.asynchttpclient.netty.channel.DefaultChannelPool - Adding Candidate expired Channel [id: 0x939fdded, L:/127.0.0.1:53211 ! R:localhost/127.0.0.1:53202] isIdleTimeoutExpired=false isRemotelyClosed=true isTtlExpired=false
11:24:08.392 [AsyncHttpClient-1-1] DEBUG org.asynchttpclient.netty.channel.DefaultChannelPool - Closing Idle Channel [id: 0x939fdded, L:/127.0.0.1:53211 ! R:localhost/127.0.0.1:53202]
11:24:08.392 [AsyncHttpClient-1-1] DEBUG org.asynchttpclient.netty.channel.DefaultChannelPool - Adding Candidate expired Channel [id: 0x46956415, L:/127.0.0.1:53191 ! R:localhost/127.0.0.1:5681] isIdleTimeoutExpired=false isRemotelyClosed=true isTtlExpired=false
11:24:08.392 [AsyncHttpClient-1-1] DEBUG org.asynchttpclient.netty.channel.DefaultChannelPool - Closing Idle Channel [id: 0x46956415, L:/127.0.0.1:53191 ! R:localhost/127.0.0.1:5681]
11:24:08.392 [AsyncHttpClient-1-1] DEBUG org.asynchttpclient.netty.channel.DefaultChannelPool - Closed 2 connections out of 2 in 0 ms
11:24:09.448 [AsyncHttpClient-1-5] DEBUG org.asynchttpclient.netty.handler.HttpHandler - 

Request DefaultHttpRequest(decodeResult: success, version: HTTP/1.1)
POST /session HTTP/1.1
User-Agent: selenium/4.0.0-rc-1 (java mac)
Content-Length: 365
Content-Type: application/json; charset=utf-8
host: localhost:16153
accept: */*

Response DefaultHttpResponse(decodeResult: success, version: HTTP/1.1)
HTTP/1.1 200 OK
Content-Type: application/json; charset=utf-8
cache-control: no-cache
content-length: 800

11:24:09.448 [AsyncHttpClient-1-5] DEBUG org.asynchttpclient.netty.channel.ChannelManager - Adding key: http://localhost:16153 for channel [id: 0xdbf2b471, L:/127.0.0.1:53249 - R:localhost/127.0.0.1:16153]
11:24:09.455 [AsyncHttpClient-1-6] DEBUG org.asynchttpclient.netty.channel.NettyConnectListener - Using new Channel '[id: 0x57a5073a, L:/127.0.0.1:53266 - R:localhost/127.0.0.1:53258]' for 'GET' to '/json/version'
11:24:09.456 [AsyncHttpClient-1-6] DEBUG org.asynchttpclient.netty.handler.HttpHandler - 

Request DefaultFullHttpRequest(decodeResult: success, version: HTTP/1.1, content: EmptyByteBufBE)
GET /json/version HTTP/1.1
User-Agent: selenium/4.0.0-rc-1 (java mac)
host: localhost:53258
accept: */*

Response DefaultHttpResponse(decodeResult: success, version: HTTP/1.1)
HTTP/1.1 200 OK
Content-Type: application/json; charset=UTF-8
content-length: 424

11:24:09.457 [AsyncHttpClient-1-6] DEBUG org.asynchttpclient.netty.channel.ChannelManager - Adding key: http://localhost:53258 for channel [id: 0x57a5073a, L:/127.0.0.1:53266 - R:localhost/127.0.0.1:53258]
11:24:09.460 [AsyncHttpClient-1-7] DEBUG org.asynchttpclient.netty.channel.NettyConnectListener - Using new Channel '[id: 0x9d26b8ae, L:/127.0.0.1:53267 - R:localhost/127.0.0.1:53258]' for 'GET' to '/devtools/browser/eebc190f-5e9f-43f2-861e-c4c3c3fab354'
11:24:09.461 [AsyncHttpClient-1-7] DEBUG org.asynchttpclient.netty.handler.WebSocketHandler - 

Request DefaultFullHttpRequest(decodeResult: success, version: HTTP/1.1, content: EmptyByteBufBE)
GET /devtools/browser/eebc190f-5e9f-43f2-861e-c4c3c3fab354 HTTP/1.1
upgrade: websocket
connection: upgrade
sec-websocket-key: QknN26dXWOvDHOFVV+h2oA==
sec-websocket-version: 13
origin: http://localhost:53258
host: localhost:53258
accept: */*
user-agent: AHC/2.1

Response DefaultHttpResponse(decodeResult: success, version: HTTP/1.1)
HTTP/1.1 101 WebSocket Protocol Handshake
Upgrade: WebSocket
Connection: Upgrade
Sec-WebSocket-Accept: c13l0B9Jzf/b6nzRz0XdzTGMImc=

11:24:09.465 [Forwarding get on session 17a6ab1f5525a025111ae6fc4430cf1a to remote] DEBUG org.asynchttpclient.netty.request.NettyRequestSender - Using pooled Channel '[id: 0xdbf2b471, L:/127.0.0.1:53249 - R:localhost/127.0.0.1:16153]' for 'POST' to 'http://localhost:16153/session/17a6ab1f5525a025111ae6fc4430cf1a/url'
11:24:09.465 [Forwarding get on session 17a6ab1f5525a025111ae6fc4430cf1a to remote] DEBUG org.asynchttpclient.netty.request.NettyRequestSender - Using open Channel [id: 0xdbf2b471, L:/127.0.0.1:53249 - R:localhost/127.0.0.1:16153] for POST '/session/17a6ab1f5525a025111ae6fc4430cf1a/url'
11:24:09.492 [AsyncHttpClient-1-1] DEBUG org.asynchttpclient.netty.channel.DefaultChannelPool - Entry count for : http://localhost:53258 : 1
11:24:09.934 [AsyncHttpClient-1-5] DEBUG org.asynchttpclient.netty.handler.HttpHandler - 

Request DefaultHttpRequest(decodeResult: success, version: HTTP/1.1)
POST /session/17a6ab1f5525a025111ae6fc4430cf1a/url HTTP/1.1
User-Agent: selenium/4.0.0-rc-1 (java mac)
Content-Length: 66
Content-Type: application/json; charset=utf-8
host: localhost:16153
accept: */*

Response DefaultHttpResponse(decodeResult: success, version: HTTP/1.1)
HTTP/1.1 200 OK
Content-Type: application/json; charset=utf-8
cache-control: no-cache
content-length: 14

11:24:09.934 [AsyncHttpClient-1-5] DEBUG org.asynchttpclient.netty.channel.ChannelManager - Adding key: http://localhost:16153 for channel [id: 0xdbf2b471, L:/127.0.0.1:53249 - R:localhost/127.0.0.1:16153]
11:24:09.936 [Forwarding setTimeout on session 17a6ab1f5525a025111ae6fc4430cf1a to remote] DEBUG org.asynchttpclient.netty.request.NettyRequestSender - Using pooled Channel '[id: 0xdbf2b471, L:/127.0.0.1:53249 - R:localhost/127.0.0.1:16153]' for 'POST' to 'http://localhost:16153/session/17a6ab1f5525a025111ae6fc4430cf1a/timeouts'
11:24:09.936 [Forwarding setTimeout on session 17a6ab1f5525a025111ae6fc4430cf1a to remote] DEBUG org.asynchttpclient.netty.request.NettyRequestSender - Using open Channel [id: 0xdbf2b471, L:/127.0.0.1:53249 - R:localhost/127.0.0.1:16153] for POST '/session/17a6ab1f5525a025111ae6fc4430cf1a/timeouts'
11:24:09.937 [AsyncHttpClient-1-5] DEBUG org.asynchttpclient.netty.handler.HttpHandler - 

Request DefaultHttpRequest(decodeResult: success, version: HTTP/1.1)
POST /session/17a6ab1f5525a025111ae6fc4430cf1a/timeouts HTTP/1.1
User-Agent: selenium/4.0.0-rc-1 (java mac)
Content-Length: 22
Content-Type: application/json; charset=utf-8
host: localhost:16153
accept: */*

Response DefaultHttpResponse(decodeResult: success, version: HTTP/1.1)
HTTP/1.1 200 OK
Content-Type: application/json; charset=utf-8
cache-control: no-cache
content-length: 14

11:24:09.937 [AsyncHttpClient-1-5] DEBUG org.asynchttpclient.netty.channel.ChannelManager - Adding key: http://localhost:16153 for channel [id: 0xdbf2b471, L:/127.0.0.1:53249 - R:localhost/127.0.0.1:16153]
11:24:09.939 [Forwarding findElement on session 17a6ab1f5525a025111ae6fc4430cf1a to remote] DEBUG org.asynchttpclient.netty.request.NettyRequestSender - Using pooled Channel '[id: 0xdbf2b471, L:/127.0.0.1:53249 - R:localhost/127.0.0.1:16153]' for 'POST' to 'http://localhost:16153/session/17a6ab1f5525a025111ae6fc4430cf1a/element'
11:24:09.939 [Forwarding findElement on session 17a6ab1f5525a025111ae6fc4430cf1a to remote] DEBUG org.asynchttpclient.netty.request.NettyRequestSender - Using open Channel [id: 0xdbf2b471, L:/127.0.0.1:53249 - R:localhost/127.0.0.1:16153] for POST '/session/17a6ab1f5525a025111ae6fc4430cf1a/element'
11:24:09.950 [AsyncHttpClient-1-5] DEBUG org.asynchttpclient.netty.handler.HttpHandler - 

Request DefaultHttpRequest(decodeResult: success, version: HTTP/1.1)
POST /session/17a6ab1f5525a025111ae6fc4430cf1a/element HTTP/1.1
User-Agent: selenium/4.0.0-rc-1 (java mac)
Content-Length: 51
Content-Type: application/json; charset=utf-8
host: localhost:16153
accept: */*

Response DefaultHttpResponse(decodeResult: success, version: HTTP/1.1)
HTTP/1.1 200 OK
Content-Type: application/json; charset=utf-8
cache-control: no-cache
content-length: 88

[...]
11:24:28.083 [AsyncHttpClient-1-8] DEBUG org.asynchttpclient.netty.handler.HttpHandler - 

Request DefaultHttpRequest(decodeResult: success, version: HTTP/1.1)
POST /session/1286206fb177e5916a314547eaa8eeb3/element/9f0a75cc-3e83-4efc-bb79-fc30fb2882f6/click HTTP/1.1
User-Agent: selenium/4.0.0-rc-1 (java mac)
Content-Length: 50
Content-Type: application/json; charset=utf-8
host: localhost:17686
accept: */*

Response DefaultHttpResponse(decodeResult: success, version: HTTP/1.1)
HTTP/1.1 200 OK
Content-Type: application/json; charset=utf-8
cache-control: no-cache
content-length: 14

11:24:28.083 [AsyncHttpClient-1-8] DEBUG org.asynchttpclient.netty.channel.ChannelManager - Adding key: http://localhost:17686 for channel [id: 0x33c33864, L:/127.0.0.1:53301 - R:localhost/127.0.0.1:17686]
11:24:28.192 [AsyncHttpClient-1-1] DEBUG org.asynchttpclient.netty.channel.DefaultChannelPool - Entry count for : http://localhost:53311 : 1
11:24:28.192 [AsyncHttpClient-1-1] DEBUG org.asynchttpclient.netty.channel.DefaultChannelPool - Entry count for : http://localhost:17686 : 1
11:24:28.585 [Forwarding findElement on session 1286206fb177e5916a314547eaa8eeb3 to remote] DEBUG org.asynchttpclient.netty.request.NettyRequestSender - Using pooled Channel '[id: 0x33c33864, L:/127.0.0.1:53301 - R:localhost/127.0.0.1:17686]' for 'POST' to 'http://localhost:17686/session/1286206fb177e5916a314547eaa8eeb3/element'
11:24:28.585 [Forwarding findElement on session 1286206fb177e5916a314547eaa8eeb3 to remote] DEBUG org.asynchttpclient.netty.request.NettyRequestSender - Using open Channel [id: 0x33c33864, L:/127.0.0.1:53301 - R:localhost/127.0.0.1:17686] for POST '/session/1286206fb177e5916a314547eaa8eeb3/element'
11:24:28.595 [AsyncHttpClient-1-8] DEBUG org.asynchttpclient.netty.handler.HttpHandler - 

Request DefaultHttpRequest(decodeResult: success, version: HTTP/1.1)
POST /session/1286206fb177e5916a314547eaa8eeb3/element HTTP/1.1
User-Agent: selenium/4.0.0-rc-1 (java mac)
Content-Length: 62
Content-Type: application/json; charset=utf-8
host: localhost:17686
accept: */*

Response DefaultHttpResponse(decodeResult: success, version: HTTP/1.1)
HTTP/1.1 200 OK
Content-Type: application/json; charset=utf-8
cache-control: no-cache
content-length: 88

11:24:28.595 [AsyncHttpClient-1-8] DEBUG org.asynchttpclient.netty.channel.ChannelManager - Adding key: http://localhost:17686 for channel [id: 0x33c33864, L:/127.0.0.1:53301 - R:localhost/127.0.0.1:17686]
11:24:28.596 [Forwarding sendKeysToElement on session 1286206fb177e5916a314547eaa8eeb3 to remote] DEBUG org.asynchttpclient.netty.request.NettyRequestSender - Using pooled Channel '[id: 0x33c33864, L:/127.0.0.1:53301 - R:localhost/127.0.0.1:17686]' for 'POST' to 'http://localhost:17686/session/1286206fb177e5916a314547eaa8eeb3/element/1159f3c6-6453-4f2b-a014-d21eb3d64d3e/value'
11:24:28.597 [Forwarding sendKeysToElement on session 1286206fb177e5916a314547eaa8eeb3 to remote] DEBUG org.asynchttpclient.netty.request.NettyRequestSender - Using open Channel [id: 0x33c33864, L:/127.0.0.1:53301 - R:localhost/127.0.0.1:17686] for POST '/session/1286206fb177e5916a314547eaa8eeb3/element/1159f3c6-6453-4f2b-a014-d21eb3d64d3e/value'
11:24:28.694 [AsyncHttpClient-1-8] DEBUG org.asynchttpclient.netty.handler.HttpHandler - 

Request DefaultHttpRequest(decodeResult: success, version: HTTP/1.1)
POST /session/1286206fb177e5916a314547eaa8eeb3/element/1159f3c6-6453-4f2b-a014-d21eb3d64d3e/value HTTP/1.1
User-Agent: selenium/4.0.0-rc-1 (java mac)
Content-Length: 311
Content-Type: application/json; charset=utf-8
host: localhost:17686
accept: */*

Response DefaultHttpResponse(decodeResult: success, version: HTTP/1.1)
HTTP/1.1 200 OK
Content-Type: application/json; charset=utf-8
cache-control: no-cache
content-length: 14

11:24:28.694 [AsyncHttpClient-1-8] DEBUG org.asynchttpclient.netty.channel.ChannelManager - Adding key: http://localhost:17686 for channel [id: 0x33c33864, L:/127.0.0.1:53301 - R:localhost/127.0.0.1:17686]
11:24:29.196 [Forwarding findElement on session 1286206fb177e5916a314547eaa8eeb3 to remote] DEBUG org.asynchttpclient.netty.request.NettyRequestSender - Using pooled Channel '[id: 0x33c33864, L:/127.0.0.1:53301 - R:localhost/127.0.0.1:17686]' for 'POST' to 'http://localhost:17686/session/1286206fb177e5916a314547eaa8eeb3/element'
11:24:29.196 [Forwarding findElement on session 1286206fb177e5916a314547eaa8eeb3 to remote] DEBUG org.asynchttpclient.netty.request.NettyRequestSender - Using open Channel [id: 0x33c33864, L:/127.0.0.1:53301 - R:localhost/127.0.0.1:17686] for POST '/session/1286206fb177e5916a314547eaa8eeb3/element'
11:24:29.205 [AsyncHttpClient-1-8] DEBUG org.asynchttpclient.netty.handler.HttpHandler - 

Request DefaultHttpRequest(decodeResult: success, version: HTTP/1.1)
POST /session/1286206fb177e5916a314547eaa8eeb3/element HTTP/1.1
User-Agent: selenium/4.0.0-rc-1 (java mac)
Content-Length: 61
Content-Type: application/json; charset=utf-8
host: localhost:17686
accept: */*

Response DefaultHttpResponse(decodeResult: success, version: HTTP/1.1)
HTTP/1.1 200 OK
Content-Type: application/json; charset=utf-8
cache-control: no-cache
content-length: 88

11:24:29.205 [AsyncHttpClient-1-8] DEBUG org.asynchttpclient.netty.channel.ChannelManager - Adding key: http://localhost:17686 for channel [id: 0x33c33864, L:/127.0.0.1:53301 - R:localhost/127.0.0.1:17686]
11:24:29.207 [Forwarding sendKeysToElement on session 1286206fb177e5916a314547eaa8eeb3 to remote] DEBUG org.asynchttpclient.netty.request.NettyRequestSender - Using pooled Channel '[id: 0x33c33864, L:/127.0.0.1:53301 - R:localhost/127.0.0.1:17686]' for 'POST' to 'http://localhost:17686/session/1286206fb177e5916a314547eaa8eeb3/element/fcbea2a4-59db-4418-8809-2db5b6cc5068/value'
11:24:29.207 [Forwarding sendKeysToElement on session 1286206fb177e5916a314547eaa8eeb3 to remote] DEBUG org.asynchttpclient.netty.request.NettyRequestSender - Using open Channel [id: 0x33c33864, L:/127.0.0.1:53301 - R:localhost/127.0.0.1:17686] for POST '/session/1286206fb177e5916a314547eaa8eeb3/element/fcbea2a4-59db-4418-8809-2db5b6cc5068/value'
11:24:29.258 [AsyncHttpClient-1-8] DEBUG org.asynchttpclient.netty.handler.HttpHandler - 

Request DefaultHttpRequest(decodeResult: success, version: HTTP/1.1)
POST /session/1286206fb177e5916a314547eaa8eeb3/element/fcbea2a4-59db-4418-8809-2db5b6cc5068/value HTTP/1.1
User-Agent: selenium/4.0.0-rc-1 (java mac)
Content-Length: 221
Content-Type: application/json; charset=utf-8
host: localhost:17686
accept: */*

Response DefaultHttpResponse(decodeResult: success, version: HTTP/1.1)
HTTP/1.1 200 OK
Content-Type: application/json; charset=utf-8
cache-control: no-cache
content-length: 14

11:24:29.258 [AsyncHttpClient-1-8] DEBUG org.asynchttpclient.netty.channel.ChannelManager - Adding key: http://localhost:17686 for channel [id: 0x33c33864, L:/127.0.0.1:53301 - R:localhost/127.0.0.1:17686]
11:24:29.291 [AsyncHttpClient-1-1] DEBUG org.asynchttpclient.netty.channel.DefaultChannelPool - Entry count for : http://localhost:53311 : 1
11:24:29.291 [AsyncHttpClient-1-1] DEBUG org.asynchttpclient.netty.channel.DefaultChannelPool - Entry count for : http://localhost:17686 : 1
11:24:29.761 [Forwarding findElement on session 1286206fb177e5916a314547eaa8eeb3 to remote] DEBUG org.asynchttpclient.netty.request.NettyRequestSender - Using pooled Channel '[id: 0x33c33864, L:/127.0.0.1:53301 - R:localhost/127.0.0.1:17686]' for 'POST' to 'http://localhost:17686/session/1286206fb177e5916a314547eaa8eeb3/element'
11:24:29.761 [Forwarding findElement on session 1286206fb177e5916a314547eaa8eeb3 to remote] DEBUG org.asynchttpclient.netty.request.NettyRequestSender - Using open Channel [id: 0x33c33864, L:/127.0.0.1:53301 - R:localhost/127.0.0.1:17686] for POST '/session/1286206fb177e5916a314547eaa8eeb3/element'
11:24:29.770 [AsyncHttpClient-1-8] DEBUG org.asynchttpclient.netty.handler.HttpHandler - 

Request DefaultHttpRequest(decodeResult: success, version: HTTP/1.1)
POST /session/1286206fb177e5916a314547eaa8eeb3/element HTTP/1.1
User-Agent: selenium/4.0.0-rc-1 (java mac)
Content-Length: 59
Content-Type: application/json; charset=utf-8
host: localhost:17686
accept: */*

Response DefaultHttpResponse(decodeResult: success, version: HTTP/1.1)
HTTP/1.1 200 OK
Content-Type: application/json; charset=utf-8
cache-control: no-cache
content-length: 88

11:24:29.771 [AsyncHttpClient-1-8] DEBUG org.asynchttpclient.netty.channel.ChannelManager - Adding key: http://localhost:17686 for channel [id: 0x33c33864, L:/127.0.0.1:53301 - R:localhost/127.0.0.1:17686]
11:24:29.772 [Forwarding sendKeysToElement on session 1286206fb177e5916a314547eaa8eeb3 to remote] DEBUG org.asynchttpclient.netty.request.NettyRequestSender - Using pooled Channel '[id: 0x33c33864, L:/127.0.0.1:53301 - R:localhost/127.0.0.1:17686]' for 'POST' to 'http://localhost:17686/session/1286206fb177e5916a314547eaa8eeb3/element/e0eafe27-f5a6-4ff3-a3d1-ad934e12f6c4/value'
11:24:29.772 [Forwarding sendKeysToElement on session 1286206fb177e5916a314547eaa8eeb3 to remote] DEBUG org.asynchttpclient.netty.request.NettyRequestSender - Using open Channel [id: 0x33c33864, L:/127.0.0.1:53301 - R:localhost/127.0.0.1:17686] for POST '/session/1286206fb177e5916a314547eaa8eeb3/element/e0eafe27-f5a6-4ff3-a3d1-ad934e12f6c4/value'
11:24:29.841 [AsyncHttpClient-1-8] DEBUG org.asynchttpclient.netty.handler.HttpHandler - 

Request DefaultHttpRequest(decodeResult: success, version: HTTP/1.1)
POST /session/1286206fb177e5916a314547eaa8eeb3/element/e0eafe27-f5a6-4ff3-a3d1-ad934e12f6c4/value HTTP/1.1
User-Agent: selenium/4.0.0-rc-1 (java mac)
Content-Length: 191
Content-Type: application/json; charset=utf-8
host: localhost:17686
accept: */*

Response DefaultHttpResponse(decodeResult: success, version: HTTP/1.1)
HTTP/1.1 200 OK
Content-Type: application/json; charset=utf-8
cache-control: no-cache
content-length: 14

11:24:29.842 [AsyncHttpClient-1-8] DEBUG org.asynchttpclient.netty.channel.ChannelManager - Adding key: http://localhost:17686 for channel [id: 0x33c33864, L:/127.0.0.1:53301 - R:localhost/127.0.0.1:17686]
11:24:30.343 [Forwarding findElement on session 1286206fb177e5916a314547eaa8eeb3 to remote] DEBUG org.asynchttpclient.netty.request.NettyRequestSender - Using pooled Channel '[id: 0x33c33864, L:/127.0.0.1:53301 - R:localhost/127.0.0.1:17686]' for 'POST' to 'http://localhost:17686/session/1286206fb177e5916a314547eaa8eeb3/element'
11:24:30.343 [Forwarding findElement on session 1286206fb177e5916a314547eaa8eeb3 to remote] DEBUG org.asynchttpclient.netty.request.NettyRequestSender - Using open Channel [id: 0x33c33864, L:/127.0.0.1:53301 - R:localhost/127.0.0.1:17686] for POST '/session/1286206fb177e5916a314547eaa8eeb3/element'
11:24:30.353 [AsyncHttpClient-1-8] DEBUG org.asynchttpclient.netty.handler.HttpHandler - 

Request DefaultHttpRequest(decodeResult: success, version: HTTP/1.1)
POST /session/1286206fb177e5916a314547eaa8eeb3/element HTTP/1.1
User-Agent: selenium/4.0.0-rc-1 (java mac)
Content-Length: 117
Content-Type: application/json; charset=utf-8
host: localhost:17686
accept: */*

Response DefaultHttpResponse(decodeResult: success, version: HTTP/1.1)
HTTP/1.1 200 OK
Content-Type: application/json; charset=utf-8
cache-control: no-cache
content-length: 88

11:24:30.354 [AsyncHttpClient-1-8] DEBUG org.asynchttpclient.netty.channel.ChannelManager - Adding key: http://localhost:17686 for channel [id: 0x33c33864, L:/127.0.0.1:53301 - R:localhost/127.0.0.1:17686]
11:24:30.355 [Forwarding clickElement on session 1286206fb177e5916a314547eaa8eeb3 to remote] DEBUG org.asynchttpclient.netty.request.NettyRequestSender - Using pooled Channel '[id: 0x33c33864, L:/127.0.0.1:53301 - R:localhost/127.0.0.1:17686]' for 'POST' to 'http://localhost:17686/session/1286206fb177e5916a314547eaa8eeb3/element/a8d1d8ff-badf-43d4-8d04-120faca092b4/click'
11:24:30.355 [Forwarding clickElement on session 1286206fb177e5916a314547eaa8eeb3 to remote] DEBUG org.asynchttpclient.netty.request.NettyRequestSender - Using open Channel [id: 0x33c33864, L:/127.0.0.1:53301 - R:localhost/127.0.0.1:17686] for POST '/session/1286206fb177e5916a314547eaa8eeb3/element/a8d1d8ff-badf-43d4-8d04-120faca092b4/click'
11:24:30.392 [AsyncHttpClient-1-1] DEBUG org.asynchttpclient.netty.channel.DefaultChannelPool - Entry count for : http://localhost:53311 : 1
11:24:30.417 [AsyncHttpClient-1-8] DEBUG org.asynchttpclient.netty.handler.HttpHandler - 

Request DefaultHttpRequest(decodeResult: success, version: HTTP/1.1)
POST /session/1286206fb177e5916a314547eaa8eeb3/element/a8d1d8ff-badf-43d4-8d04-120faca092b4/click HTTP/1.1
User-Agent: selenium/4.0.0-rc-1 (java mac)
Content-Length: 50
Content-Type: application/json; charset=utf-8
host: localhost:17686
accept: */*

Response DefaultHttpResponse(decodeResult: success, version: HTTP/1.1)
HTTP/1.1 200 OK
Content-Type: application/json; charset=utf-8
cache-control: no-cache
content-length: 14

11:24:30.418 [AsyncHttpClient-1-8] DEBUG org.asynchttpclient.netty.channel.ChannelManager - Adding key: http://localhost:17686 for channel [id: 0x33c33864, L:/127.0.0.1:53301 - R:localhost/127.0.0.1:17686]
11:24:31.419 [Forwarding getAlertText on session 1286206fb177e5916a314547eaa8eeb3 to remote] DEBUG org.asynchttpclient.netty.request.NettyRequestSender - Using pooled Channel '[id: 0x33c33864, L:/127.0.0.1:53301 - R:localhost/127.0.0.1:17686]' for 'GET' to 'http://localhost:17686/session/1286206fb177e5916a314547eaa8eeb3/alert/text'
11:24:31.419 [Forwarding getAlertText on session 1286206fb177e5916a314547eaa8eeb3 to remote] DEBUG org.asynchttpclient.netty.request.NettyRequestSender - Using open Channel [id: 0x33c33864, L:/127.0.0.1:53301 - R:localhost/127.0.0.1:17686] for GET '/session/1286206fb177e5916a314547eaa8eeb3/alert/text'
11:24:31.420 [AsyncHttpClient-1-8] DEBUG org.asynchttpclient.netty.handler.HttpHandler - 

Request DefaultFullHttpRequest(decodeResult: success, version: HTTP/1.1, content: EmptyByteBufBE)
GET /session/1286206fb177e5916a314547eaa8eeb3/alert/text HTTP/1.1
User-Agent: selenium/4.0.0-rc-1 (java mac)
Cache-Control: no-cache
Content-Type: application/json; charset=utf-8
host: localhost:17686
accept: */*

Response DefaultHttpResponse(decodeResult: success, version: HTTP/1.1)
HTTP/1.1 200 OK
Content-Type: application/json; charset=utf-8
cache-control: no-cache
content-length: 36

11:24:31.420 [AsyncHttpClient-1-8] DEBUG org.asynchttpclient.netty.channel.ChannelManager - Adding key: http://localhost:17686 for channel [id: 0x33c33864, L:/127.0.0.1:53301 - R:localhost/127.0.0.1:17686]
11:24:31.421 [Forwarding acceptAlert on session 1286206fb177e5916a314547eaa8eeb3 to remote] DEBUG org.asynchttpclient.netty.request.NettyRequestSender - Using pooled Channel '[id: 0x33c33864, L:/127.0.0.1:53301 - R:localhost/127.0.0.1:17686]' for 'POST' to 'http://localhost:17686/session/1286206fb177e5916a314547eaa8eeb3/alert/accept'
11:24:31.421 [Forwarding acceptAlert on session 1286206fb177e5916a314547eaa8eeb3 to remote] DEBUG org.asynchttpclient.netty.request.NettyRequestSender - Using open Channel [id: 0x33c33864, L:/127.0.0.1:53301 - R:localhost/127.0.0.1:17686] for POST '/session/1286206fb177e5916a314547eaa8eeb3/alert/accept'
11:24:31.422 [AsyncHttpClient-1-8] DEBUG org.asynchttpclient.netty.handler.HttpHandler - 

Request DefaultHttpRequest(decodeResult: success, version: HTTP/1.1)
POST /session/1286206fb177e5916a314547eaa8eeb3/alert/accept HTTP/1.1
User-Agent: selenium/4.0.0-rc-1 (java mac)
Content-Length: 3
Content-Type: application/json; charset=utf-8
host: localhost:17686
accept: */*

Response DefaultHttpResponse(decodeResult: success, version: HTTP/1.1)
HTTP/1.1 200 OK
Content-Type: application/json; charset=utf-8
cache-control: no-cache
content-length: 14

11:24:31.423 [AsyncHttpClient-1-8] DEBUG org.asynchttpclient.netty.channel.ChannelManager - Adding key: http://localhost:17686 for channel [id: 0x33c33864, L:/127.0.0.1:53301 - R:localhost/127.0.0.1:17686]
11:24:31.492 [AsyncHttpClient-1-1] DEBUG org.asynchttpclient.netty.channel.DefaultChannelPool - Entry count for : http://localhost:53311 : 1
11:24:31.492 [AsyncHttpClient-1-1] DEBUG org.asynchttpclient.netty.channel.DefaultChannelPool - Entry count for : http://localhost:17686 : 1
11:24:31.925 [AsyncHttpClient-1-10] DEBUG org.asynchttpclient.netty.handler.WebSocketHandler - Channel Closed: [id: 0x91b340ff, L:/127.0.0.1:53319 ! R:localhost/127.0.0.1:53311] with attribute NettyResponseFuture{currentRetry=5,
	isDone=1,
	isCancelled=0,
	asyncHandler=org.asynchttpclient.ws.WebSocketUpgradeHandler@699ad03a,
	nettyRequest=org.asynchttpclient.netty.request.NettyRequest@2c98436d,
	future=java.util.concurrent.CompletableFuture@5a56055f[Completed normally],
	uri=ws://localhost:53311/devtools/browser/9079e484-67da-4399-ac88-829f6996f3db,
	keepAlive=true,
	redirectCount=0,
	timeoutsHolder=null,
	inAuth=0,
	touch=1645961063036}
11:24:31.925 [Driver Command Executor] DEBUG org.asynchttpclient.netty.request.NettyRequestSender - Using pooled Channel '[id: 0x33c33864, L:/127.0.0.1:53301 - R:localhost/127.0.0.1:17686]' for 'DELETE' to 'http://localhost:17686/session/1286206fb177e5916a314547eaa8eeb3'
11:24:31.925 [AsyncHttpClient-1-10] DEBUG org.asynchttpclient.netty.channel.ChannelManager - Closing Channel [id: 0x91b340ff, L:/127.0.0.1:53319 ! R:localhost/127.0.0.1:53311] 
11:24:31.925 [Driver Command Executor] DEBUG org.asynchttpclient.netty.request.NettyRequestSender - Using open Channel [id: 0x33c33864, L:/127.0.0.1:53301 - R:localhost/127.0.0.1:17686] for DELETE '/session/1286206fb177e5916a314547eaa8eeb3'
11:24:31.947 [AsyncHttpClient-1-9] DEBUG org.asynchttpclient.netty.handler.HttpHandler - Channel Closed: [id: 0x50b0518e, L:/127.0.0.1:53318 ! R:localhost/127.0.0.1:53311] with attribute DISCARD
11:24:31.977 [AsyncHttpClient-1-8] DEBUG org.asynchttpclient.netty.handler.HttpHandler - 

Request DefaultFullHttpRequest(decodeResult: success, version: HTTP/1.1, content: EmptyByteBufBE)
DELETE /session/1286206fb177e5916a314547eaa8eeb3 HTTP/1.1
User-Agent: selenium/4.0.0-rc-1 (java mac)
Content-Type: application/json; charset=utf-8
host: localhost:17686
accept: */*

Response DefaultHttpResponse(decodeResult: success, version: HTTP/1.1)
HTTP/1.1 200 OK
Content-Type: application/json; charset=utf-8
cache-control: no-cache
content-length: 14

11:24:31.977 [AsyncHttpClient-1-8] DEBUG org.asynchttpclient.netty.channel.ChannelManager - Adding key: http://localhost:17686 for channel [id: 0x33c33864, L:/127.0.0.1:53301 - R:localhost/127.0.0.1:17686]
11:24:32.001 [AsyncHttpClient-1-8] DEBUG org.asynchttpclient.netty.handler.HttpHandler - Channel Closed: [id: 0x33c33864, L:/127.0.0.1:53301 ! R:localhost/127.0.0.1:17686] with attribute DISCARD
]]></system-out>
    <system-err><![CDATA[Starting ChromeDriver 98.0.4758.102 (273bf7ac8c909cde36982d27f66f3c70846a3718-refs/branch-heads/4758@{#1151}) on port 17686
Only local connections are allowed.
Please see https://chromedriver.chromium.org/security-considerations for suggestions on keeping ChromeDriver safe.
ChromeDriver was started successfully.
Feb 27, 2022 11:24:23 AM org.openqa.selenium.remote.ProtocolHandshake createSession
INFO: Detected dialect: W3C
Feb 27, 2022 11:24:23 AM org.openqa.selenium.devtools.CdpVersionFinder findNearestMatch
WARNING: Unable to find an exact match for CDP version 98, so returning the closest version found: a no-op implementation
Feb 27, 2022 11:24:23 AM org.openqa.selenium.devtools.CdpVersionFinder findNearestMatch
INFO: Unable to find CDP implementation matching 98.
Feb 27, 2022 11:24:23 AM org.openqa.selenium.chromium.ChromiumDriver lambda$new$2
WARNING: Unable to find version of CDP to use for . You may need to include a dependency on a specific version of the CDP using something similar to `org.seleniumhq.selenium:selenium-devtools-v86:4.0.0-rc-1` where the version ("v86") matches the version of the chromium-based browser you're using and the version number of the artifact is the same as Selenium's.
]]></system-err>
  </testcase>
</testsuite>