<?xml version="1.0" encoding="UTF-8"?>
<testng-results skipped="0" failed="0" ignored="0" total="3" passed="3">
  <reporter-output>
  </reporter-output>
  <suite name="All Test Suite" duration-ms="39673" started-at="2022-02-27T11:23:52 GMT" finished-at="2022-02-27T11:24:32 GMT">
    <groups>
      <group name="cucumber">
        <method signature="AbstractTestNGCucumberTests.runScenario(io.cucumber.testng.PickleWrapper,io.cucumber.testng.FeatureWrapper)[pri:0, instance:Runners.Run@46daef40]" name="runScenario" class="io.cucumber.testng.AbstractTestNGCucumberTests"/>
      </group> <!-- cucumber -->
    </groups>
    <test name="/Users/oingleby/Auto tests/demoblaze-test-automation" duration-ms="39673" started-at="2022-02-27T11:23:52 GMT" finished-at="2022-02-27T11:24:32 GMT">
      <class name="Runners.Run">
        <test-method status="PASS" signature="setUpClass(org.testng.ITestContext)[pri:0, instance:Runners.Run@46daef40]" name="setUpClass" is-config="true" duration-ms="191" started-at="2022-02-27T11:23:52 GMT" finished-at="2022-02-27T11:23:52 GMT">
          <params>
            <param index="0">
              <value>
                <![CDATA[org.testng.TestRunner@60737b23]]>
              </value>
            </param>
          </params>
          <reporter-output>
          </reporter-output>
        </test-method> <!-- setUpClass -->
        <test-method status="PASS" signature="runScenario(io.cucumber.testng.PickleWrapper,io.cucumber.testng.FeatureWrapper)[pri:0, instance:Runners.Run@46daef40]" name="runScenario" duration-ms="15673" started-at="2022-02-27T11:23:52 GMT" description="Runs Cucumber Scenarios" data-provider="scenarios" finished-at="2022-02-27T11:24:08 GMT">
          <params>
            <param index="0">
              <value>
                <![CDATA["Sign into demoblaze and buy an item"]]>
              </value>
            </param>
            <param index="1">
              <value>
                <![CDATA["Optional[Demo feature]"]]>
              </value>
            </param>
          </params>
          <reporter-output>
          </reporter-output>
        </test-method> <!-- runScenario -->
        <test-method status="PASS" signature="runScenario(io.cucumber.testng.PickleWrapper,io.cucumber.testng.FeatureWrapper)[pri:0, instance:Runners.Run@46daef40]" name="runScenario" duration-ms="13489" started-at="2022-02-27T11:24:08 GMT" description="Runs Cucumber Scenarios" data-provider="scenarios" finished-at="2022-02-27T11:24:21 GMT">
          <params>
            <param index="0">
              <value>
                <![CDATA["Sign into demoblaze and add an item to cart and then delete it"]]>
              </value>
            </param>
            <param index="1">
              <value>
                <![CDATA["Optional[Demo feature]"]]>
              </value>
            </param>
          </params>
          <reporter-output>
          </reporter-output>
        </test-method> <!-- runScenario -->
        <test-method status="PASS" signature="runScenario(io.cucumber.testng.PickleWrapper,io.cucumber.testng.FeatureWrapper)[pri:0, instance:Runners.Run@46daef40]" name="runScenario" duration-ms="10284" started-at="2022-02-27T11:24:21 GMT" description="Runs Cucumber Scenarios" data-provider="scenarios" finished-at="2022-02-27T11:24:32 GMT">
          <params>
            <param index="0">
              <value>
                <![CDATA["Sign into demoblaze and send a message to demoblaze"]]>
              </value>
            </param>
            <param index="1">
              <value>
                <![CDATA["Optional[Demo feature]"]]>
              </value>
            </param>
          </params>
          <reporter-output>
          </reporter-output>
        </test-method> <!-- runScenario -->
        <test-method status="PASS" signature="tearDownClass()[pri:0, instance:Runners.Run@46daef40]" name="tearDownClass" is-config="true" duration-ms="7" started-at="2022-02-27T11:24:32 GMT" finished-at="2022-02-27T11:24:32 GMT">
          <reporter-output>
          </reporter-output>
        </test-method> <!-- tearDownClass -->
      </class> <!-- Runners.Run -->
    </test> <!-- /Users/oingleby/Auto tests/demoblaze-test-automation -->
  </suite> <!-- All Test Suite -->
</testng-results>
