<?xml version="1.0" encoding="UTF-8"?>
<!-- Generated by org.testng.reporters.JUnitXMLReporter -->
<testsuite hostname="PD14768-2.local" ignored="0" name="/Users/oingleby/Auto tests/demoblaze-test-automation" tests="3" failures="0" timestamp="2022-02-27T11:24:32 GMT" time="39.673" errors="0">
  <testcase name="runScenario" time="15.673" classname="io.cucumber.testng.AbstractTestNGCucumberTests"/>
  <testcase name="runScenario" time="13.489" classname="io.cucumber.testng.AbstractTestNGCucumberTests"/>
  <testcase name="runScenario" time="10.284" classname="io.cucumber.testng.AbstractTestNGCucumberTests"/>
</testsuite> <!-- /Users/oingleby/Auto tests/demoblaze-test-automation -->
